Started GET "/" for 127.0.0.1 at 2017-07-23 20:29:05 +0200
Processing by Rails::WelcomeController#index as HTML
  Parameters: {"internal"=>true}
  Rendering /Users/karinhendrikse/.rbenv/versions/2.3.1/lib/ruby/gems/2.3.0/gems/railties-5.0.4/lib/rails/templates/rails/welcome/index.html.erb
  Rendered /Users/karinhendrikse/.rbenv/versions/2.3.1/lib/ruby/gems/2.3.0/gems/railties-5.0.4/lib/rails/templates/rails/welcome/index.html.erb (5.0ms)
Completed 200 OK in 24ms (Views: 11.4ms | ActiveRecord: 0.0ms)


Started GET "/" for 127.0.0.1 at 2017-07-23 20:29:07 +0200
Processing by Rails::WelcomeController#index as HTML
  Parameters: {"internal"=>true}
  Rendering /Users/karinhendrikse/.rbenv/versions/2.3.1/lib/ruby/gems/2.3.0/gems/railties-5.0.4/lib/rails/templates/rails/welcome/index.html.erb
  Rendered /Users/karinhendrikse/.rbenv/versions/2.3.1/lib/ruby/gems/2.3.0/gems/railties-5.0.4/lib/rails/templates/rails/welcome/index.html.erb (3.7ms)
Completed 200 OK in 9ms (Views: 6.1ms | ActiveRecord: 0.0ms)


Started GET "/" for 127.0.0.1 at 2017-07-23 20:38:45 +0200
Processing by PagesController#show as HTML
  Parameters: {"page"=>"home"}
  Rendering pages/home.html.erb within layouts/application
  Rendered pages/home.html.erb within layouts/application (1.7ms)
Completed 200 OK in 557ms (Views: 544.6ms | ActiveRecord: 0.0ms)


Started GET "/" for 127.0.0.1 at 2017-07-23 20:38:47 +0200
Processing by PagesController#show as HTML
  Parameters: {"page"=>"home"}
  Rendering pages/home.html.erb within layouts/application
  Rendered pages/home.html.erb within layouts/application (0.7ms)
Completed 200 OK in 29ms (Views: 27.9ms | ActiveRecord: 0.0ms)


Started GET "/" for 127.0.0.1 at 2017-07-23 20:38:55 +0200
Processing by PagesController#show as HTML
  Parameters: {"page"=>"home"}
  Rendering pages/home.html.erb within layouts/application
  Rendered pages/home.html.erb within layouts/application (0.6ms)
Completed 200 OK in 40ms (Views: 39.1ms | ActiveRecord: 0.0ms)


Started GET "/" for 127.0.0.1 at 2017-07-23 20:44:24 +0200
Processing by PagesController#show as HTML
  Parameters: {"page"=>"home"}
  Rendering pages/home.html.erb within layouts/application
  Rendered pages/home.html.erb within layouts/application (1.0ms)
Completed 200 OK in 153ms (Views: 151.9ms | ActiveRecord: 0.0ms)


Started GET "/" for 127.0.0.1 at 2017-07-23 20:44:42 +0200
Processing by PagesController#show as HTML
  Parameters: {"page"=>"home"}
  Rendering pages/home.html.erb within layouts/application
  Rendered pages/home.html.erb within layouts/application (1.8ms)
Completed 200 OK in 408ms (Views: 396.6ms | ActiveRecord: 0.0ms)


Started GET "/" for 127.0.0.1 at 2017-07-23 20:45:11 +0200
Processing by PagesController#show as HTML
  Parameters: {"page"=>"home"}
  Rendering pages/home.html.erb within layouts/application
  Rendered pages/home.html.erb within layouts/application (0.8ms)
Completed 500 Internal Server Error in 55ms (ActiveRecord: 0.0ms)


  
ActionView::Template::Error (Asset was not declared to be precompiled in production.
Add `Rails.application.config.assets.precompile += %w( style1.css )` to `config/initializers/assets.rb` and restart your server):
    4:     <title>Tumblyposter</title>
    5:     <%= csrf_meta_tags %>
    6:     <meta name="viewport" content="width=device-width, initial-scale=1.0">
    7:     <%= stylesheet_link_tag    'application', 'demo.css', 'style1.css', 'normalize', 'skeleton', 'style', media: 'all', 'data-turbolinks-track': 'reload' %>
    8:     <%= javascript_include_tag 'application', 'data-turbolinks-track': 'reload', 'modernizr.custom.86080'=> true %>
    9:     <link href='https://fonts.googleapis.com/css?family=Source+Sans+Pro:400,200|Pacifico' rel='stylesheet' type='text/css'>
   10:   </head>
  
app/views/layouts/application.html.erb:7:in `_app_views_layouts_application_html_erb__189572454123588813_70115560562880'
app/controllers/pages_controller.rb:3:in `show'
  Rendering /Users/karinhendrikse/.rbenv/versions/2.3.1/lib/ruby/gems/2.3.0/gems/actionpack-5.0.4/lib/action_dispatch/middleware/templates/rescues/template_error.html.erb within rescues/layout
  Rendering /Users/karinhendrikse/.rbenv/versions/2.3.1/lib/ruby/gems/2.3.0/gems/actionpack-5.0.4/lib/action_dispatch/middleware/templates/rescues/_source.html.erb
  Rendered /Users/karinhendrikse/.rbenv/versions/2.3.1/lib/ruby/gems/2.3.0/gems/actionpack-5.0.4/lib/action_dispatch/middleware/templates/rescues/_source.html.erb (7.5ms)
  Rendering /Users/karinhendrikse/.rbenv/versions/2.3.1/lib/ruby/gems/2.3.0/gems/actionpack-5.0.4/lib/action_dispatch/middleware/templates/rescues/_trace.html.erb
  Rendered /Users/karinhendrikse/.rbenv/versions/2.3.1/lib/ruby/gems/2.3.0/gems/actionpack-5.0.4/lib/action_dispatch/middleware/templates/rescues/_trace.html.erb (3.0ms)
  Rendering /Users/karinhendrikse/.rbenv/versions/2.3.1/lib/ruby/gems/2.3.0/gems/actionpack-5.0.4/lib/action_dispatch/middleware/templates/rescues/_request_and_response.html.erb
  Rendered /Users/karinhendrikse/.rbenv/versions/2.3.1/lib/ruby/gems/2.3.0/gems/actionpack-5.0.4/lib/action_dispatch/middleware/templates/rescues/_request_and_response.html.erb (1.5ms)
  Rendered /Users/karinhendrikse/.rbenv/versions/2.3.1/lib/ruby/gems/2.3.0/gems/actionpack-5.0.4/lib/action_dispatch/middleware/templates/rescues/template_error.html.erb within rescues/layout (105.0ms)
Started GET "/" for 127.0.0.1 at 2017-07-23 20:45:29 +0200
Processing by PagesController#show as HTML
  Parameters: {"page"=>"home"}
  Rendering pages/home.html.erb within layouts/application
  Rendered pages/home.html.erb within layouts/application (1.3ms)
Completed 500 Internal Server Error in 26ms (ActiveRecord: 0.0ms)


  
ActionView::Template::Error (Asset was not declared to be precompiled in production.
Add `Rails.application.config.assets.precompile += %w( style1.css )` to `config/initializers/assets.rb` and restart your server):
    4:     <title>Tumblyposter</title>
    5:     <%= csrf_meta_tags %>
    6:     <meta name="viewport" content="width=device-width, initial-scale=1.0">
    7:     <%= stylesheet_link_tag    'application', 'style1.css', 'normalize', 'skeleton', 'style', media: 'all', 'data-turbolinks-track': 'reload' %>
    8:     <%= javascript_include_tag 'application', 'data-turbolinks-track': 'reload', 'modernizr.custom.86080'=> true %>
    9:     <link href='https://fonts.googleapis.com/css?family=Source+Sans+Pro:400,200|Pacifico' rel='stylesheet' type='text/css'>
   10:   </head>
  
app/views/layouts/application.html.erb:7:in `_app_views_layouts_application_html_erb__189572454123588813_70115560385400'
app/controllers/pages_controller.rb:3:in `show'
  Rendering /Users/karinhendrikse/.rbenv/versions/2.3.1/lib/ruby/gems/2.3.0/gems/actionpack-5.0.4/lib/action_dispatch/middleware/templates/rescues/template_error.html.erb within rescues/layout
  Rendering /Users/karinhendrikse/.rbenv/versions/2.3.1/lib/ruby/gems/2.3.0/gems/actionpack-5.0.4/lib/action_dispatch/middleware/templates/rescues/_source.html.erb
  Rendered /Users/karinhendrikse/.rbenv/versions/2.3.1/lib/ruby/gems/2.3.0/gems/actionpack-5.0.4/lib/action_dispatch/middleware/templates/rescues/_source.html.erb (4.3ms)
  Rendering /Users/karinhendrikse/.rbenv/versions/2.3.1/lib/ruby/gems/2.3.0/gems/actionpack-5.0.4/lib/action_dispatch/middleware/templates/rescues/_trace.html.erb
  Rendered /Users/karinhendrikse/.rbenv/versions/2.3.1/lib/ruby/gems/2.3.0/gems/actionpack-5.0.4/lib/action_dispatch/middleware/templates/rescues/_trace.html.erb (2.1ms)
  Rendering /Users/karinhendrikse/.rbenv/versions/2.3.1/lib/ruby/gems/2.3.0/gems/actionpack-5.0.4/lib/action_dispatch/middleware/templates/rescues/_request_and_response.html.erb
  Rendered /Users/karinhendrikse/.rbenv/versions/2.3.1/lib/ruby/gems/2.3.0/gems/actionpack-5.0.4/lib/action_dispatch/middleware/templates/rescues/_request_and_response.html.erb (1.0ms)
  Rendered /Users/karinhendrikse/.rbenv/versions/2.3.1/lib/ruby/gems/2.3.0/gems/actionpack-5.0.4/lib/action_dispatch/middleware/templates/rescues/template_error.html.erb within rescues/layout (95.8ms)
Started GET "/" for 127.0.0.1 at 2017-07-23 20:46:54 +0200
Processing by PagesController#show as HTML
  Parameters: {"page"=>"home"}
  Rendering pages/home.html.erb within layouts/application
  Rendered pages/home.html.erb within layouts/application (0.8ms)
Completed 500 Internal Server Error in 22ms (ActiveRecord: 0.0ms)


  
ActionView::Template::Error (Asset was not declared to be precompiled in production.
Add `Rails.application.config.assets.precompile += %w( style1.css )` to `config/initializers/assets.rb` and restart your server):
    4:     <title>Tumblyposter</title>
    5:     <%= csrf_meta_tags %>
    6:     <meta name="viewport" content="width=device-width, initial-scale=1.0">
    7:     <%= stylesheet_link_tag 'application', 'style1.css', 'normalize', 'skeleton', 'style', media: 'all', 'data-turbolinks-track': 'reload' %>
    8:     <%= javascript_include_tag 'application', 'data-turbolinks-track': 'reload', 'modernizr.custom.86080'=> true %>
    9:     <link href='https://fonts.googleapis.com/css?family=Source+Sans+Pro:400,200|Pacifico' rel='stylesheet' type='text/css'>
   10:   </head>
  
app/views/layouts/application.html.erb:7:in `_app_views_layouts_application_html_erb__189572454123588813_70115522779040'
app/controllers/pages_controller.rb:3:in `show'
  Rendering /Users/karinhendrikse/.rbenv/versions/2.3.1/lib/ruby/gems/2.3.0/gems/actionpack-5.0.4/lib/action_dispatch/middleware/templates/rescues/template_error.html.erb within rescues/layout
  Rendering /Users/karinhendrikse/.rbenv/versions/2.3.1/lib/ruby/gems/2.3.0/gems/actionpack-5.0.4/lib/action_dispatch/middleware/templates/rescues/_source.html.erb
  Rendered /Users/karinhendrikse/.rbenv/versions/2.3.1/lib/ruby/gems/2.3.0/gems/actionpack-5.0.4/lib/action_dispatch/middleware/templates/rescues/_source.html.erb (6.1ms)
  Rendering /Users/karinhendrikse/.rbenv/versions/2.3.1/lib/ruby/gems/2.3.0/gems/actionpack-5.0.4/lib/action_dispatch/middleware/templates/rescues/_trace.html.erb
  Rendered /Users/karinhendrikse/.rbenv/versions/2.3.1/lib/ruby/gems/2.3.0/gems/actionpack-5.0.4/lib/action_dispatch/middleware/templates/rescues/_trace.html.erb (2.7ms)
  Rendering /Users/karinhendrikse/.rbenv/versions/2.3.1/lib/ruby/gems/2.3.0/gems/actionpack-5.0.4/lib/action_dispatch/middleware/templates/rescues/_request_and_response.html.erb
  Rendered /Users/karinhendrikse/.rbenv/versions/2.3.1/lib/ruby/gems/2.3.0/gems/actionpack-5.0.4/lib/action_dispatch/middleware/templates/rescues/_request_and_response.html.erb (1.2ms)
  Rendered /Users/karinhendrikse/.rbenv/versions/2.3.1/lib/ruby/gems/2.3.0/gems/actionpack-5.0.4/lib/action_dispatch/middleware/templates/rescues/template_error.html.erb within rescues/layout (91.0ms)
Started GET "/" for 127.0.0.1 at 2017-07-23 20:47:05 +0200
Processing by PagesController#show as HTML
  Parameters: {"page"=>"home"}
  Rendering pages/home.html.erb within layouts/application
  Rendered pages/home.html.erb within layouts/application (1.8ms)
Completed 500 Internal Server Error in 307ms (ActiveRecord: 0.0ms)


  
ActionView::Template::Error (Asset was not declared to be precompiled in production.
Add `Rails.application.config.assets.precompile += %w( normalize.css )` to `config/initializers/assets.rb` and restart your server):
    4:     <title>Tumblyposter</title>
    5:     <%= csrf_meta_tags %>
    6:     <meta name="viewport" content="width=device-width, initial-scale=1.0">
    7:     <%= stylesheet_link_tag 'application', 'style1.css', 'normalize', 'skeleton', 'style', media: 'all', 'data-turbolinks-track': 'reload' %>
    8:     <%= javascript_include_tag 'application', 'data-turbolinks-track': 'reload', 'modernizr.custom.86080'=> true %>
    9:     <link href='https://fonts.googleapis.com/css?family=Source+Sans+Pro:400,200|Pacifico' rel='stylesheet' type='text/css'>
   10:   </head>
  
app/views/layouts/application.html.erb:7:in `_app_views_layouts_application_html_erb___233940589036738303_70140940527300'
app/controllers/pages_controller.rb:3:in `show'
  Rendering /Users/karinhendrikse/.rbenv/versions/2.3.1/lib/ruby/gems/2.3.0/gems/actionpack-5.0.4/lib/action_dispatch/middleware/templates/rescues/template_error.html.erb within rescues/layout
  Rendering /Users/karinhendrikse/.rbenv/versions/2.3.1/lib/ruby/gems/2.3.0/gems/actionpack-5.0.4/lib/action_dispatch/middleware/templates/rescues/_source.html.erb
  Rendered /Users/karinhendrikse/.rbenv/versions/2.3.1/lib/ruby/gems/2.3.0/gems/actionpack-5.0.4/lib/action_dispatch/middleware/templates/rescues/_source.html.erb (3.6ms)
  Rendering /Users/karinhendrikse/.rbenv/versions/2.3.1/lib/ruby/gems/2.3.0/gems/actionpack-5.0.4/lib/action_dispatch/middleware/templates/rescues/_trace.html.erb
  Rendered /Users/karinhendrikse/.rbenv/versions/2.3.1/lib/ruby/gems/2.3.0/gems/actionpack-5.0.4/lib/action_dispatch/middleware/templates/rescues/_trace.html.erb (2.1ms)
  Rendering /Users/karinhendrikse/.rbenv/versions/2.3.1/lib/ruby/gems/2.3.0/gems/actionpack-5.0.4/lib/action_dispatch/middleware/templates/rescues/_request_and_response.html.erb
  Rendered /Users/karinhendrikse/.rbenv/versions/2.3.1/lib/ruby/gems/2.3.0/gems/actionpack-5.0.4/lib/action_dispatch/middleware/templates/rescues/_request_and_response.html.erb (1.2ms)
  Rendered /Users/karinhendrikse/.rbenv/versions/2.3.1/lib/ruby/gems/2.3.0/gems/actionpack-5.0.4/lib/action_dispatch/middleware/templates/rescues/template_error.html.erb within rescues/layout (101.5ms)
Started GET "/" for 127.0.0.1 at 2017-07-23 20:47:31 +0200
Processing by PagesController#show as HTML
  Parameters: {"page"=>"home"}
  Rendering pages/home.html.erb within layouts/application
  Rendered pages/home.html.erb within layouts/application (2.2ms)
Completed 500 Internal Server Error in 327ms (ActiveRecord: 0.0ms)


  
ActionView::Template::Error (Asset was not declared to be precompiled in production.
Add `Rails.application.config.assets.precompile += %w( skeleton.css )` to `config/initializers/assets.rb` and restart your server):
    4:     <title>Tumblyposter</title>
    5:     <%= csrf_meta_tags %>
    6:     <meta name="viewport" content="width=device-width, initial-scale=1.0">
    7:     <%= stylesheet_link_tag 'application', 'style1.css', 'normalize', 'skeleton', 'style', media: 'all', 'data-turbolinks-track': 'reload' %>
    8:     <%= javascript_include_tag 'application', 'data-turbolinks-track': 'reload', 'modernizr.custom.86080'=> true %>
    9:     <link href='https://fonts.googleapis.com/css?family=Source+Sans+Pro:400,200|Pacifico' rel='stylesheet' type='text/css'>
   10:   </head>
  
app/views/layouts/application.html.erb:7:in `_app_views_layouts_application_html_erb___3386669651083328895_70094867815100'
app/controllers/pages_controller.rb:3:in `show'
  Rendering /Users/karinhendrikse/.rbenv/versions/2.3.1/lib/ruby/gems/2.3.0/gems/actionpack-5.0.4/lib/action_dispatch/middleware/templates/rescues/template_error.html.erb within rescues/layout
  Rendering /Users/karinhendrikse/.rbenv/versions/2.3.1/lib/ruby/gems/2.3.0/gems/actionpack-5.0.4/lib/action_dispatch/middleware/templates/rescues/_source.html.erb
  Rendered /Users/karinhendrikse/.rbenv/versions/2.3.1/lib/ruby/gems/2.3.0/gems/actionpack-5.0.4/lib/action_dispatch/middleware/templates/rescues/_source.html.erb (4.6ms)
  Rendering /Users/karinhendrikse/.rbenv/versions/2.3.1/lib/ruby/gems/2.3.0/gems/actionpack-5.0.4/lib/action_dispatch/middleware/templates/rescues/_trace.html.erb
  Rendered /Users/karinhendrikse/.rbenv/versions/2.3.1/lib/ruby/gems/2.3.0/gems/actionpack-5.0.4/lib/action_dispatch/middleware/templates/rescues/_trace.html.erb (2.3ms)
  Rendering /Users/karinhendrikse/.rbenv/versions/2.3.1/lib/ruby/gems/2.3.0/gems/actionpack-5.0.4/lib/action_dispatch/middleware/templates/rescues/_request_and_response.html.erb
  Rendered /Users/karinhendrikse/.rbenv/versions/2.3.1/lib/ruby/gems/2.3.0/gems/actionpack-5.0.4/lib/action_dispatch/middleware/templates/rescues/_request_and_response.html.erb (1.9ms)
  Rendered /Users/karinhendrikse/.rbenv/versions/2.3.1/lib/ruby/gems/2.3.0/gems/actionpack-5.0.4/lib/action_dispatch/middleware/templates/rescues/template_error.html.erb within rescues/layout (99.3ms)
Started GET "/" for 127.0.0.1 at 2017-07-23 20:48:21 +0200
Processing by PagesController#show as HTML
  Parameters: {"page"=>"home"}
  Rendering pages/home.html.erb within layouts/application
  Rendered pages/home.html.erb within layouts/application (1.7ms)
Completed 500 Internal Server Error in 333ms (ActiveRecord: 0.0ms)


  
ActionView::Template::Error (Asset was not declared to be precompiled in production.
Add `Rails.application.config.assets.precompile += %w( style1.css )` to `config/initializers/assets.rb` and restart your server):
    4:     <title>Tumblyposter</title>
    5:     <%= csrf_meta_tags %>
    6:     <meta name="viewport" content="width=device-width, initial-scale=1.0">
    7:     <%= stylesheet_link_tag 'application', 'style1.css', 'normalize', 'skeleton', 'style', media: 'all', 'data-turbolinks-track': 'reload' %>
    8:     <%= javascript_include_tag 'application', 'data-turbolinks-track': 'reload', 'modernizr.custom.86080'=> true %>
    9:     <link href='https://fonts.googleapis.com/css?family=Source+Sans+Pro:400,200|Pacifico' rel='stylesheet' type='text/css'>
   10:   </head>
  
app/views/layouts/application.html.erb:7:in `_app_views_layouts_application_html_erb__754202308399823051_70178024426260'
app/controllers/pages_controller.rb:3:in `show'
  Rendering /Users/karinhendrikse/.rbenv/versions/2.3.1/lib/ruby/gems/2.3.0/gems/actionpack-5.0.4/lib/action_dispatch/middleware/templates/rescues/template_error.html.erb within rescues/layout
  Rendering /Users/karinhendrikse/.rbenv/versions/2.3.1/lib/ruby/gems/2.3.0/gems/actionpack-5.0.4/lib/action_dispatch/middleware/templates/rescues/_source.html.erb
  Rendered /Users/karinhendrikse/.rbenv/versions/2.3.1/lib/ruby/gems/2.3.0/gems/actionpack-5.0.4/lib/action_dispatch/middleware/templates/rescues/_source.html.erb (5.2ms)
  Rendering /Users/karinhendrikse/.rbenv/versions/2.3.1/lib/ruby/gems/2.3.0/gems/actionpack-5.0.4/lib/action_dispatch/middleware/templates/rescues/_trace.html.erb
  Rendered /Users/karinhendrikse/.rbenv/versions/2.3.1/lib/ruby/gems/2.3.0/gems/actionpack-5.0.4/lib/action_dispatch/middleware/templates/rescues/_trace.html.erb (1.8ms)
  Rendering /Users/karinhendrikse/.rbenv/versions/2.3.1/lib/ruby/gems/2.3.0/gems/actionpack-5.0.4/lib/action_dispatch/middleware/templates/rescues/_request_and_response.html.erb
  Rendered /Users/karinhendrikse/.rbenv/versions/2.3.1/lib/ruby/gems/2.3.0/gems/actionpack-5.0.4/lib/action_dispatch/middleware/templates/rescues/_request_and_response.html.erb (2.0ms)
  Rendered /Users/karinhendrikse/.rbenv/versions/2.3.1/lib/ruby/gems/2.3.0/gems/actionpack-5.0.4/lib/action_dispatch/middleware/templates/rescues/template_error.html.erb within rescues/layout (102.3ms)
Started GET "/" for 127.0.0.1 at 2017-07-23 20:48:52 +0200
Processing by PagesController#show as HTML
  Parameters: {"page"=>"home"}
  Rendering pages/home.html.erb within layouts/application
  Rendered pages/home.html.erb within layouts/application (1.9ms)
Completed 200 OK in 387ms (Views: 376.7ms | ActiveRecord: 0.0ms)


Started GET "/?tumblrSearch=puppy" for 127.0.0.1 at 2017-07-23 20:49:01 +0200
Processing by PagesController#show as HTML
  Parameters: {"tumblrSearch"=>"puppy", "page"=>"home"}
  Rendering pages/home.html.erb within layouts/application
  Rendered pages/home.html.erb within layouts/application (12.1ms)
Completed 500 Internal Server Error in 23ms (ActiveRecord: 0.0ms)


  
ActionView::Template::Error (uninitialized constant ActionView::CompiledTemplates::Tumblr):
    23: <% if search_tag != nil %>
    24: <%
    25:   # Gives authentication to tumblr through consumer key.
    26:   client = Tumblr::Client.new :consumer_key => @secret_password
    27: 
    28:   pictures = Array.new
    29: 
  
app/views/pages/home.html.erb:26:in `_app_views_pages_home_html_erb___1456479132535059850_70254021389780'
app/controllers/pages_controller.rb:3:in `show'
  Rendering /Users/karinhendrikse/.rbenv/versions/2.3.1/lib/ruby/gems/2.3.0/gems/actionpack-5.0.4/lib/action_dispatch/middleware/templates/rescues/template_error.html.erb within rescues/layout
  Rendering /Users/karinhendrikse/.rbenv/versions/2.3.1/lib/ruby/gems/2.3.0/gems/actionpack-5.0.4/lib/action_dispatch/middleware/templates/rescues/_source.html.erb
  Rendered /Users/karinhendrikse/.rbenv/versions/2.3.1/lib/ruby/gems/2.3.0/gems/actionpack-5.0.4/lib/action_dispatch/middleware/templates/rescues/_source.html.erb (7.4ms)
  Rendering /Users/karinhendrikse/.rbenv/versions/2.3.1/lib/ruby/gems/2.3.0/gems/actionpack-5.0.4/lib/action_dispatch/middleware/templates/rescues/_trace.html.erb
  Rendered /Users/karinhendrikse/.rbenv/versions/2.3.1/lib/ruby/gems/2.3.0/gems/actionpack-5.0.4/lib/action_dispatch/middleware/templates/rescues/_trace.html.erb (4.7ms)
  Rendering /Users/karinhendrikse/.rbenv/versions/2.3.1/lib/ruby/gems/2.3.0/gems/actionpack-5.0.4/lib/action_dispatch/middleware/templates/rescues/_request_and_response.html.erb
  Rendered /Users/karinhendrikse/.rbenv/versions/2.3.1/lib/ruby/gems/2.3.0/gems/actionpack-5.0.4/lib/action_dispatch/middleware/templates/rescues/_request_and_response.html.erb (3.7ms)
  Rendered /Users/karinhendrikse/.rbenv/versions/2.3.1/lib/ruby/gems/2.3.0/gems/actionpack-5.0.4/lib/action_dispatch/middleware/templates/rescues/template_error.html.erb within rescues/layout (125.3ms)
Started GET "/?tumblrSearch=puppy" for 127.0.0.1 at 2017-07-23 20:50:01 +0200
Processing by PagesController#show as HTML
  Parameters: {"tumblrSearch"=>"puppy", "page"=>"home"}
  Rendering pages/home.html.erb within layouts/application
  Rendered pages/home.html.erb within layouts/application (7.7ms)
Completed 500 Internal Server Error in 25ms (ActiveRecord: 0.0ms)


  
ActionView::Template::Error (uninitialized constant ActionView::CompiledTemplates::Tumblr):
    23: <% if search_tag != nil %>
    24: <%
    25:   # Gives authentication to tumblr through consumer key.
    26:   client = Tumblr::Client.new :consumer_key => @secret_password
    27: 
    28:   pictures = Array.new
    29: 
  
app/views/pages/home.html.erb:26:in `_app_views_pages_home_html_erb___421641824887627700_70255207629880'
app/controllers/pages_controller.rb:3:in `show'
  Rendering /Users/karinhendrikse/.rbenv/versions/2.3.1/lib/ruby/gems/2.3.0/gems/actionpack-5.0.4/lib/action_dispatch/middleware/templates/rescues/template_error.html.erb within rescues/layout
  Rendering /Users/karinhendrikse/.rbenv/versions/2.3.1/lib/ruby/gems/2.3.0/gems/actionpack-5.0.4/lib/action_dispatch/middleware/templates/rescues/_source.html.erb
  Rendered /Users/karinhendrikse/.rbenv/versions/2.3.1/lib/ruby/gems/2.3.0/gems/actionpack-5.0.4/lib/action_dispatch/middleware/templates/rescues/_source.html.erb (4.9ms)
  Rendering /Users/karinhendrikse/.rbenv/versions/2.3.1/lib/ruby/gems/2.3.0/gems/actionpack-5.0.4/lib/action_dispatch/middleware/templates/rescues/_trace.html.erb
  Rendered /Users/karinhendrikse/.rbenv/versions/2.3.1/lib/ruby/gems/2.3.0/gems/actionpack-5.0.4/lib/action_dispatch/middleware/templates/rescues/_trace.html.erb (3.8ms)
  Rendering /Users/karinhendrikse/.rbenv/versions/2.3.1/lib/ruby/gems/2.3.0/gems/actionpack-5.0.4/lib/action_dispatch/middleware/templates/rescues/_request_and_response.html.erb
  Rendered /Users/karinhendrikse/.rbenv/versions/2.3.1/lib/ruby/gems/2.3.0/gems/actionpack-5.0.4/lib/action_dispatch/middleware/templates/rescues/_request_and_response.html.erb (1.3ms)
  Rendered /Users/karinhendrikse/.rbenv/versions/2.3.1/lib/ruby/gems/2.3.0/gems/actionpack-5.0.4/lib/action_dispatch/middleware/templates/rescues/template_error.html.erb within rescues/layout (100.5ms)
Started GET "/" for 127.0.0.1 at 2017-07-23 20:50:04 +0200
Processing by PagesController#show as HTML
  Parameters: {"page"=>"home"}
  Rendering pages/home.html.erb within layouts/application
  Rendered pages/home.html.erb within layouts/application (1.0ms)
Completed 200 OK in 616ms (Views: 615.1ms | ActiveRecord: 0.0ms)


Started GET "/?tumblrSearch=puppy" for 127.0.0.1 at 2017-07-23 20:50:07 +0200
Processing by PagesController#show as HTML
  Parameters: {"tumblrSearch"=>"puppy", "page"=>"home"}
Started GET "/" for 127.0.0.1 at 2017-07-23 20:50:07 +0200
Processing by PagesController#show as HTML
  Rendering pages/home.html.erb within layouts/application
  Parameters: {"page"=>"home"}
  Rendered pages/home.html.erb within layouts/application (6.1ms)
Completed 500 Internal Server Error in 23ms (ActiveRecord: 0.0ms)


  
  Rendering pages/home.html.erb within layouts/application
ActionView::Template::Error (uninitialized constant ActionView::CompiledTemplates::Tumblr):
  Rendered pages/home.html.erb within layouts/application (0.7ms)
    23: <% if search_tag != nil %>
    24: <%
    25:   # Gives authentication to tumblr through consumer key.
    26:   client = Tumblr::Client.new :consumer_key => @secret_password
    27: 
    28:   pictures = Array.new
    29: 
  
app/views/pages/home.html.erb:26:in `_app_views_pages_home_html_erb___421641824887627700_70255189260880'
app/controllers/pages_controller.rb:3:in `show'
Completed 200 OK in 162ms (Views: 159.9ms | ActiveRecord: 0.0ms)


  Rendering /Users/karinhendrikse/.rbenv/versions/2.3.1/lib/ruby/gems/2.3.0/gems/actionpack-5.0.4/lib/action_dispatch/middleware/templates/rescues/template_error.html.erb within rescues/layout
  Rendering /Users/karinhendrikse/.rbenv/versions/2.3.1/lib/ruby/gems/2.3.0/gems/actionpack-5.0.4/lib/action_dispatch/middleware/templates/rescues/_source.html.erb
  Rendered /Users/karinhendrikse/.rbenv/versions/2.3.1/lib/ruby/gems/2.3.0/gems/actionpack-5.0.4/lib/action_dispatch/middleware/templates/rescues/_source.html.erb (6.7ms)
  Rendering /Users/karinhendrikse/.rbenv/versions/2.3.1/lib/ruby/gems/2.3.0/gems/actionpack-5.0.4/lib/action_dispatch/middleware/templates/rescues/_trace.html.erb
  Rendered /Users/karinhendrikse/.rbenv/versions/2.3.1/lib/ruby/gems/2.3.0/gems/actionpack-5.0.4/lib/action_dispatch/middleware/templates/rescues/_trace.html.erb (4.6ms)
  Rendering /Users/karinhendrikse/.rbenv/versions/2.3.1/lib/ruby/gems/2.3.0/gems/actionpack-5.0.4/lib/action_dispatch/middleware/templates/rescues/_request_and_response.html.erb
  Rendered /Users/karinhendrikse/.rbenv/versions/2.3.1/lib/ruby/gems/2.3.0/gems/actionpack-5.0.4/lib/action_dispatch/middleware/templates/rescues/_request_and_response.html.erb (1.6ms)
  Rendered /Users/karinhendrikse/.rbenv/versions/2.3.1/lib/ruby/gems/2.3.0/gems/actionpack-5.0.4/lib/action_dispatch/middleware/templates/rescues/template_error.html.erb within rescues/layout (116.0ms)
Started GET "/" for 127.0.0.1 at 2017-07-23 20:51:38 +0200
Processing by PagesController#show as HTML
  Parameters: {"page"=>"home"}
  Rendering pages/home.html.erb within layouts/application
  Rendered pages/home.html.erb within layouts/application (3.2ms)
Completed 200 OK in 431ms (Views: 419.7ms | ActiveRecord: 0.0ms)


Started GET "/?tumblrSearch=PUPPY" for 127.0.0.1 at 2017-07-23 20:51:41 +0200
Processing by PagesController#show as HTML
  Parameters: {"tumblrSearch"=>"PUPPY", "page"=>"home"}
  Rendering pages/home.html.erb within layouts/application
  Rendered pages/home.html.erb within layouts/application (11.6ms)
Completed 500 Internal Server Error in 17ms (ActiveRecord: 0.0ms)


  
ActionView::Template::Error (uninitialized constant ActionView::CompiledTemplates::Tumblr):
    23: <% if search_tag != nil %>
    24: <%
    25:   # Gives authentication to tumblr through consumer key.
    26:   client = Tumblr::Client.new :consumer_key => ENV['TUMBLR_CONSUMER_KEY']
    27: 
    28:   pictures = Array.new
    29: 
  
app/views/pages/home.html.erb:26:in `_app_views_pages_home_html_erb___1100353811737653574_70277517480080'
app/controllers/pages_controller.rb:3:in `show'
  Rendering /Users/karinhendrikse/.rbenv/versions/2.3.1/lib/ruby/gems/2.3.0/gems/actionpack-5.0.4/lib/action_dispatch/middleware/templates/rescues/template_error.html.erb within rescues/layout
  Rendering /Users/karinhendrikse/.rbenv/versions/2.3.1/lib/ruby/gems/2.3.0/gems/actionpack-5.0.4/lib/action_dispatch/middleware/templates/rescues/_source.html.erb
  Rendered /Users/karinhendrikse/.rbenv/versions/2.3.1/lib/ruby/gems/2.3.0/gems/actionpack-5.0.4/lib/action_dispatch/middleware/templates/rescues/_source.html.erb (5.1ms)
  Rendering /Users/karinhendrikse/.rbenv/versions/2.3.1/lib/ruby/gems/2.3.0/gems/actionpack-5.0.4/lib/action_dispatch/middleware/templates/rescues/_trace.html.erb
  Rendered /Users/karinhendrikse/.rbenv/versions/2.3.1/lib/ruby/gems/2.3.0/gems/actionpack-5.0.4/lib/action_dispatch/middleware/templates/rescues/_trace.html.erb (2.5ms)
  Rendering /Users/karinhendrikse/.rbenv/versions/2.3.1/lib/ruby/gems/2.3.0/gems/actionpack-5.0.4/lib/action_dispatch/middleware/templates/rescues/_request_and_response.html.erb
  Rendered /Users/karinhendrikse/.rbenv/versions/2.3.1/lib/ruby/gems/2.3.0/gems/actionpack-5.0.4/lib/action_dispatch/middleware/templates/rescues/_request_and_response.html.erb (1.3ms)
  Rendered /Users/karinhendrikse/.rbenv/versions/2.3.1/lib/ruby/gems/2.3.0/gems/actionpack-5.0.4/lib/action_dispatch/middleware/templates/rescues/template_error.html.erb within rescues/layout (101.4ms)
Started GET "/?tumblrSearch=PUPPY" for 127.0.0.1 at 2017-07-23 20:52:29 +0200
Processing by PagesController#show as HTML
  Parameters: {"tumblrSearch"=>"PUPPY", "page"=>"home"}
  Rendering pages/home.html.erb within layouts/application
  Rendered pages/home.html.erb within layouts/application (5.5ms)
Completed 500 Internal Server Error in 10ms (ActiveRecord: 0.0ms)


  
ActionView::Template::Error (uninitialized constant ActionView::CompiledTemplates::Tumblr):
    23: <% if search_tag != nil %>
    24: <%
    25:   # Gives authentication to tumblr through consumer key.
    26:   client = Tumblr::Client.new :consumer_key => 'ibTOaYNXaOua9aUWYa6FuhWqZPA2NWpDiVkCymfcw6cLG8zbPb'
    27: 
    28:   pictures = Array.new
    29: 
  
app/views/pages/home.html.erb:26:in `_app_views_pages_home_html_erb___1100353811737653574_70277487722800'
app/controllers/pages_controller.rb:3:in `show'
  Rendering /Users/karinhendrikse/.rbenv/versions/2.3.1/lib/ruby/gems/2.3.0/gems/actionpack-5.0.4/lib/action_dispatch/middleware/templates/rescues/template_error.html.erb within rescues/layout
  Rendering /Users/karinhendrikse/.rbenv/versions/2.3.1/lib/ruby/gems/2.3.0/gems/actionpack-5.0.4/lib/action_dispatch/middleware/templates/rescues/_source.html.erb
  Rendered /Users/karinhendrikse/.rbenv/versions/2.3.1/lib/ruby/gems/2.3.0/gems/actionpack-5.0.4/lib/action_dispatch/middleware/templates/rescues/_source.html.erb (5.1ms)
  Rendering /Users/karinhendrikse/.rbenv/versions/2.3.1/lib/ruby/gems/2.3.0/gems/actionpack-5.0.4/lib/action_dispatch/middleware/templates/rescues/_trace.html.erb
  Rendered /Users/karinhendrikse/.rbenv/versions/2.3.1/lib/ruby/gems/2.3.0/gems/actionpack-5.0.4/lib/action_dispatch/middleware/templates/rescues/_trace.html.erb (2.0ms)
  Rendering /Users/karinhendrikse/.rbenv/versions/2.3.1/lib/ruby/gems/2.3.0/gems/actionpack-5.0.4/lib/action_dispatch/middleware/templates/rescues/_request_and_response.html.erb
  Rendered /Users/karinhendrikse/.rbenv/versions/2.3.1/lib/ruby/gems/2.3.0/gems/actionpack-5.0.4/lib/action_dispatch/middleware/templates/rescues/_request_and_response.html.erb (1.4ms)
  Rendered /Users/karinhendrikse/.rbenv/versions/2.3.1/lib/ruby/gems/2.3.0/gems/actionpack-5.0.4/lib/action_dispatch/middleware/templates/rescues/template_error.html.erb within rescues/layout (90.6ms)
Started GET "/" for 127.0.0.1 at 2017-07-23 20:52:33 +0200
Processing by PagesController#show as HTML
  Parameters: {"page"=>"home"}
  Rendering pages/home.html.erb within layouts/application
  Rendered pages/home.html.erb within layouts/application (0.9ms)
Completed 200 OK in 102ms (Views: 101.3ms | ActiveRecord: 0.0ms)


Started GET "/?tumblrSearch=kitten" for 127.0.0.1 at 2017-07-23 20:52:37 +0200
Processing by PagesController#show as HTML
  Parameters: {"tumblrSearch"=>"kitten", "page"=>"home"}
  Rendering pages/home.html.erb within layouts/application
  Rendered pages/home.html.erb within layouts/application (5.5ms)
Completed 500 Internal Server Error in 11ms (ActiveRecord: 0.0ms)


  
ActionView::Template::Error (uninitialized constant ActionView::CompiledTemplates::Tumblr):
    23: <% if search_tag != nil %>
    24: <%
    25:   # Gives authentication to tumblr through consumer key.
    26:   client = Tumblr::Client.new :consumer_key => 'ibTOaYNXaOua9aUWYa6FuhWqZPA2NWpDiVkCymfcw6cLG8zbPb'
    27: 
    28:   pictures = Array.new
    29: 
  
app/views/pages/home.html.erb:26:in `_app_views_pages_home_html_erb___1100353811737653574_70277482899000'
app/controllers/pages_controller.rb:3:in `show'
  Rendering /Users/karinhendrikse/.rbenv/versions/2.3.1/lib/ruby/gems/2.3.0/gems/actionpack-5.0.4/lib/action_dispatch/middleware/templates/rescues/template_error.html.erb within rescues/layout
  Rendering /Users/karinhendrikse/.rbenv/versions/2.3.1/lib/ruby/gems/2.3.0/gems/actionpack-5.0.4/lib/action_dispatch/middleware/templates/rescues/_source.html.erb
  Rendered /Users/karinhendrikse/.rbenv/versions/2.3.1/lib/ruby/gems/2.3.0/gems/actionpack-5.0.4/lib/action_dispatch/middleware/templates/rescues/_source.html.erb (4.2ms)
  Rendering /Users/karinhendrikse/.rbenv/versions/2.3.1/lib/ruby/gems/2.3.0/gems/actionpack-5.0.4/lib/action_dispatch/middleware/templates/rescues/_trace.html.erb
  Rendered /Users/karinhendrikse/.rbenv/versions/2.3.1/lib/ruby/gems/2.3.0/gems/actionpack-5.0.4/lib/action_dispatch/middleware/templates/rescues/_trace.html.erb (2.0ms)
  Rendering /Users/karinhendrikse/.rbenv/versions/2.3.1/lib/ruby/gems/2.3.0/gems/actionpack-5.0.4/lib/action_dispatch/middleware/templates/rescues/_request_and_response.html.erb
  Rendered /Users/karinhendrikse/.rbenv/versions/2.3.1/lib/ruby/gems/2.3.0/gems/actionpack-5.0.4/lib/action_dispatch/middleware/templates/rescues/_request_and_response.html.erb (1.5ms)
  Rendered /Users/karinhendrikse/.rbenv/versions/2.3.1/lib/ruby/gems/2.3.0/gems/actionpack-5.0.4/lib/action_dispatch/middleware/templates/rescues/template_error.html.erb within rescues/layout (93.8ms)
Started GET "/" for 127.0.0.1 at 2017-07-23 20:53:03 +0200
Processing by PagesController#show as HTML
  Parameters: {"page"=>"home"}
  Rendering pages/home.html.erb within layouts/application
  Rendered pages/home.html.erb within layouts/application (2.0ms)
Completed 200 OK in 460ms (Views: 447.2ms | ActiveRecord: 0.0ms)


Started GET "/?tumblrSearch=pup" for 127.0.0.1 at 2017-07-23 20:53:07 +0200
Processing by PagesController#show as HTML
  Parameters: {"tumblrSearch"=>"pup", "page"=>"home"}
  Rendering pages/home.html.erb within layouts/application
  Rendered pages/home.html.erb within layouts/application (9.6ms)
Completed 500 Internal Server Error in 15ms (ActiveRecord: 0.0ms)


  
ActionView::Template::Error (uninitialized constant ActionView::CompiledTemplates::Tumblr):
    23: <% if search_tag != nil %>
    24: <%
    25:   # Gives authentication to tumblr through consumer key.
    26:   client = Tumblr::Client.new :consumer_key => "ibTOaYNXaOua9aUWYa6FuhWqZPA2NWpDiVkCymfcw6cLG8zbPb"
    27: 
    28:   pictures = Array.new
    29: 
  
app/views/pages/home.html.erb:26:in `_app_views_pages_home_html_erb___1673363769626999406_70321425972900'
app/controllers/pages_controller.rb:3:in `show'
  Rendering /Users/karinhendrikse/.rbenv/versions/2.3.1/lib/ruby/gems/2.3.0/gems/actionpack-5.0.4/lib/action_dispatch/middleware/templates/rescues/template_error.html.erb within rescues/layout
  Rendering /Users/karinhendrikse/.rbenv/versions/2.3.1/lib/ruby/gems/2.3.0/gems/actionpack-5.0.4/lib/action_dispatch/middleware/templates/rescues/_source.html.erb
  Rendered /Users/karinhendrikse/.rbenv/versions/2.3.1/lib/ruby/gems/2.3.0/gems/actionpack-5.0.4/lib/action_dispatch/middleware/templates/rescues/_source.html.erb (7.8ms)
  Rendering /Users/karinhendrikse/.rbenv/versions/2.3.1/lib/ruby/gems/2.3.0/gems/actionpack-5.0.4/lib/action_dispatch/middleware/templates/rescues/_trace.html.erb
  Rendered /Users/karinhendrikse/.rbenv/versions/2.3.1/lib/ruby/gems/2.3.0/gems/actionpack-5.0.4/lib/action_dispatch/middleware/templates/rescues/_trace.html.erb (2.7ms)
  Rendering /Users/karinhendrikse/.rbenv/versions/2.3.1/lib/ruby/gems/2.3.0/gems/actionpack-5.0.4/lib/action_dispatch/middleware/templates/rescues/_request_and_response.html.erb
  Rendered /Users/karinhendrikse/.rbenv/versions/2.3.1/lib/ruby/gems/2.3.0/gems/actionpack-5.0.4/lib/action_dispatch/middleware/templates/rescues/_request_and_response.html.erb (3.9ms)
  Rendered /Users/karinhendrikse/.rbenv/versions/2.3.1/lib/ruby/gems/2.3.0/gems/actionpack-5.0.4/lib/action_dispatch/middleware/templates/rescues/template_error.html.erb within rescues/layout (113.7ms)
Started GET "/" for 127.0.0.1 at 2017-07-23 21:01:39 +0200
Processing by PagesController#show as HTML
  Parameters: {"page"=>"home"}
  Rendering pages/home.html.erb within layouts/application
  Rendered pages/home.html.erb within layouts/application (3.2ms)
Completed 200 OK in 483ms (Views: 469.9ms | ActiveRecord: 0.0ms)


Started GET "/" for 127.0.0.1 at 2017-07-23 21:02:04 +0200
Processing by PagesController#show as HTML
  Parameters: {"page"=>"home"}
  Rendering pages/home.html.erb within layouts/application
  Rendered pages/home.html.erb within layouts/application (3.1ms)
Completed 200 OK in 463ms (Views: 451.5ms | ActiveRecord: 0.0ms)


Started GET "/?tumblrSearch=kitten" for 127.0.0.1 at 2017-07-23 21:02:08 +0200
Processing by PagesController#show as HTML
  Parameters: {"tumblrSearch"=>"kitten", "page"=>"home"}
  Rendering pages/home.html.erb within layouts/application
  Rendered pages/home.html.erb within layouts/application (3222.3ms)
Completed 200 OK in 3293ms (Views: 3292.0ms | ActiveRecord: 0.0ms)


Started GET "/?tumblrSearch=kitten" for 127.0.0.1 at 2017-07-23 21:02:34 +0200
Processing by PagesController#show as HTML
  Parameters: {"tumblrSearch"=>"kitten", "page"=>"home"}
  Rendering pages/home.html.erb within layouts/application
  Rendered pages/home.html.erb within layouts/application (2798.6ms)
Completed 200 OK in 2871ms (Views: 2870.4ms | ActiveRecord: 0.0ms)


Started GET "/" for 127.0.0.1 at 2017-07-23 21:02:54 +0200
Processing by PagesController#show as HTML
  Parameters: {"page"=>"home"}
  Rendering pages/home.html.erb within layouts/application
  Rendered pages/home.html.erb within layouts/application (3.2ms)
Completed 200 OK in 392ms (Views: 375.9ms | ActiveRecord: 0.0ms)


Started GET "/?tumblrSearch=wonderwoman" for 127.0.0.1 at 2017-07-23 21:03:02 +0200
Processing by PagesController#show as HTML
  Parameters: {"tumblrSearch"=>"wonderwoman", "page"=>"home"}
  Rendering pages/home.html.erb within layouts/application
  Rendered pages/home.html.erb within layouts/application (2714.0ms)
Completed 200 OK in 2785ms (Views: 2783.6ms | ActiveRecord: 0.0ms)


Started GET "/?tumblrSearch=wonderwoman" for 127.0.0.1 at 2017-07-23 21:03:55 +0200
Processing by PagesController#show as HTML
  Parameters: {"tumblrSearch"=>"wonderwoman", "page"=>"home"}
  Rendering pages/home.html.erb within layouts/application
  Rendered pages/home.html.erb within layouts/application (4631.8ms)
Completed 200 OK in 4716ms (Views: 4715.0ms | ActiveRecord: 0.0ms)


Started GET "/" for 127.0.0.1 at 2017-07-23 21:04:48 +0200
Processing by PagesController#show as HTML
  Parameters: {"page"=>"home"}
  Rendering pages/home.html.erb within layouts/application
  Rendered pages/home.html.erb within layouts/application (2.2ms)
Completed 200 OK in 96ms (Views: 94.9ms | ActiveRecord: 0.0ms)


Started GET "/" for 127.0.0.1 at 2017-07-24 09:20:15 +0200
Processing by PagesController#show as HTML
  Parameters: {"page"=>"home"}
  Rendering pages/home.html.erb within layouts/application
  Rendered pages/home.html.erb within layouts/application (2.6ms)
Completed 200 OK in 442ms (Views: 427.4ms | ActiveRecord: 0.0ms)


Started GET "/?tumblrSearch=puppy" for 127.0.0.1 at 2017-07-24 09:20:28 +0200
Processing by PagesController#show as HTML
  Parameters: {"tumblrSearch"=>"puppy", "page"=>"home"}
Started GET "/" for 127.0.0.1 at 2017-07-24 09:20:28 +0200
Processing by PagesController#show as HTML
  Rendering pages/home.html.erb within layouts/application
  Parameters: {"page"=>"home"}
  Rendering pages/home.html.erb within layouts/application
  Rendered pages/home.html.erb within layouts/application (0.9ms)
Completed 200 OK in 99ms (Views: 98.1ms | ActiveRecord: 0.0ms)


  Rendered pages/home.html.erb within layouts/application (1916.0ms)
Completed 200 OK in 1997ms (Views: 1994.9ms | ActiveRecord: 0.0ms)


Started GET "/" for 127.0.0.1 at 2017-07-24 11:30:05 +0200
Processing by PagesController#show as HTML
  Parameters: {"page"=>"home"}
  Rendering pages/home.html.erb within layouts/application
  Rendered pages/home.html.erb within layouts/application (3.1ms)
Completed 200 OK in 397ms (Views: 383.1ms | ActiveRecord: 0.0ms)


Started GET "/?tumblrSearch=test" for 127.0.0.1 at 2017-07-24 11:30:10 +0200
Processing by PagesController#show as HTML
  Parameters: {"tumblrSearch"=>"test", "page"=>"home"}
  Rendering pages/home.html.erb within layouts/application
  Rendered pages/home.html.erb within layouts/application (8081.6ms)
Completed 200 OK in 8142ms (Views: 8141.0ms | ActiveRecord: 0.0ms)


Started GET "/?tumblrSearch=test" for 127.0.0.1 at 2017-07-24 11:30:37 +0200
Processing by PagesController#show as HTML
  Parameters: {"tumblrSearch"=>"test", "page"=>"home"}
  Rendering pages/home.html.erb within layouts/application
  Rendered pages/home.html.erb within layouts/application (5132.9ms)
Completed 200 OK in 5206ms (Views: 5203.9ms | ActiveRecord: 0.0ms)


Started GET "/" for 127.0.0.1 at 2017-07-24 14:48:08 +0200
Processing by PagesController#show as HTML
  Parameters: {"page"=>"home"}
  Rendering pages/home.html.erb within layouts/application
  Rendered pages/home.html.erb within layouts/application (1.9ms)
Completed 200 OK in 357ms (Views: 345.2ms | ActiveRecord: 0.0ms)


Started GET "/" for 127.0.0.1 at 2017-07-24 14:55:44 +0200
Processing by PagesController#show as HTML
  Parameters: {"page"=>"home"}
  Rendering pages/home.html.erb within layouts/application
  Rendered pages/home.html.erb within layouts/application (4.1ms)
Completed 200 OK in 451ms (Views: 438.1ms | ActiveRecord: 0.0ms)


Started GET "/" for 127.0.0.1 at 2017-07-25 11:50:09 +0200
Processing by PagesController#show as HTML
  Parameters: {"page"=>"home"}
  Rendering pages/home.html.erb within layouts/application
  Rendered pages/home.html.erb within layouts/application (3.6ms)
Completed 200 OK in 454ms (Views: 440.5ms | ActiveRecord: 0.0ms)


Started GET "/?tumblrSearch=puppy" for 127.0.0.1 at 2017-07-25 11:50:14 +0200
Processing by PagesController#show as HTML
  Parameters: {"tumblrSearch"=>"puppy", "page"=>"home"}
  Rendering pages/home.html.erb within layouts/application
  Rendered pages/home.html.erb within layouts/application (69960.8ms)
Completed 200 OK in 70015ms (Views: 70012.1ms | ActiveRecord: 0.0ms)


Started GET "/" for 127.0.0.1 at 2017-07-26 21:17:48 +0200
Processing by PagesController#show as HTML
  Parameters: {"page"=>"home"}
  Rendering pages/home.html.erb within layouts/application
  Rendered pages/home.html.erb within layouts/application (2.1ms)
Completed 200 OK in 346ms (Views: 335.8ms | ActiveRecord: 0.0ms)


Started GET "/" for 127.0.0.1 at 2017-07-26 21:21:37 +0200
Processing by PagesController#show as HTML
  Parameters: {"page"=>"home"}
  Rendering pages/home.html.erb within layouts/application
  Rendered pages/home.html.erb within layouts/application (2.7ms)
Completed 200 OK in 48ms (Views: 47.3ms | ActiveRecord: 0.0ms)


Started GET "/" for 127.0.0.1 at 2017-07-26 21:22:05 +0200
Processing by PagesController#show as HTML
  Parameters: {"page"=>"home"}
  Rendering pages/home.html.erb within layouts/application
  Rendered pages/home.html.erb within layouts/application (1.1ms)
Completed 200 OK in 72ms (Views: 71.6ms | ActiveRecord: 0.0ms)


Started GET "/" for 127.0.0.1 at 2017-07-26 21:22:22 +0200
Processing by PagesController#show as HTML
  Parameters: {"page"=>"home"}
  Rendering pages/home.html.erb within layouts/application
  Rendered pages/home.html.erb within layouts/application (3.1ms)
Completed 200 OK in 72ms (Views: 70.8ms | ActiveRecord: 0.0ms)


Started GET "/" for 127.0.0.1 at 2017-07-26 21:22:58 +0200
Processing by PagesController#show as HTML
  Parameters: {"page"=>"home"}
  Rendering pages/home.html.erb within layouts/application
  Rendered pages/home.html.erb within layouts/application (1.1ms)
Completed 200 OK in 54ms (Views: 52.9ms | ActiveRecord: 0.0ms)


Started GET "/" for 127.0.0.1 at 2017-07-26 21:23:27 +0200
Processing by PagesController#show as HTML
  Parameters: {"page"=>"home"}
  Rendering pages/home.html.erb within layouts/application
  Rendered pages/home.html.erb within layouts/application (0.9ms)
Completed 200 OK in 51ms (Views: 49.6ms | ActiveRecord: 0.0ms)


Started GET "/" for 127.0.0.1 at 2017-07-26 21:24:12 +0200
Processing by PagesController#show as HTML
  Parameters: {"page"=>"home"}
  Rendering pages/home.html.erb within layouts/application
  Rendered pages/home.html.erb within layouts/application (2.2ms)
Completed 200 OK in 64ms (Views: 63.4ms | ActiveRecord: 0.0ms)


Started GET "/" for 127.0.0.1 at 2017-07-26 21:24:30 +0200
Processing by PagesController#show as HTML
  Parameters: {"page"=>"home"}
  Rendering pages/home.html.erb within layouts/application
  Rendered pages/home.html.erb within layouts/application (1.2ms)
Completed 200 OK in 44ms (Views: 43.7ms | ActiveRecord: 0.0ms)


Started GET "/" for 127.0.0.1 at 2017-07-26 21:24:49 +0200
Processing by PagesController#show as HTML
  Parameters: {"page"=>"home"}
  Rendering pages/home.html.erb within layouts/application
  Rendered pages/home.html.erb within layouts/application (2.7ms)
Completed 200 OK in 84ms (Views: 83.4ms | ActiveRecord: 0.0ms)


Started GET "/" for 127.0.0.1 at 2017-07-26 21:25:35 +0200
Processing by PagesController#show as HTML
  Parameters: {"page"=>"home"}
  Rendering pages/home.html.erb within layouts/application
  Rendered pages/home.html.erb within layouts/application (1.5ms)
Completed 200 OK in 78ms (Views: 76.7ms | ActiveRecord: 0.0ms)


Started GET "/" for 127.0.0.1 at 2017-07-26 21:25:43 +0200
Processing by PagesController#show as HTML
  Parameters: {"page"=>"home"}
  Rendering pages/home.html.erb within layouts/application
  Rendered pages/home.html.erb within layouts/application (2.0ms)
Completed 200 OK in 60ms (Views: 59.5ms | ActiveRecord: 0.0ms)


Started GET "/" for 127.0.0.1 at 2017-07-26 21:25:51 +0200
Processing by PagesController#show as HTML
  Parameters: {"page"=>"home"}
  Rendering pages/home.html.erb within layouts/application
  Rendered pages/home.html.erb within layouts/application (1.6ms)
Completed 200 OK in 44ms (Views: 43.1ms | ActiveRecord: 0.0ms)


Started GET "/" for 127.0.0.1 at 2017-07-26 21:26:02 +0200
Processing by PagesController#show as HTML
  Parameters: {"page"=>"home"}
  Rendering pages/home.html.erb within layouts/application
  Rendered pages/home.html.erb within layouts/application (0.9ms)
Completed 200 OK in 51ms (Views: 50.1ms | ActiveRecord: 0.0ms)


Started GET "/" for 127.0.0.1 at 2017-07-26 21:26:10 +0200
Processing by PagesController#show as HTML
  Parameters: {"page"=>"home"}
  Rendering pages/home.html.erb within layouts/application
  Rendered pages/home.html.erb within layouts/application (1.4ms)
Completed 200 OK in 168ms (Views: 167.4ms | ActiveRecord: 0.0ms)


Started GET "/" for 127.0.0.1 at 2017-07-26 21:26:21 +0200
Processing by PagesController#show as HTML
  Parameters: {"page"=>"home"}
  Rendering pages/home.html.erb within layouts/application
  Rendered pages/home.html.erb within layouts/application (0.9ms)
Completed 200 OK in 43ms (Views: 42.0ms | ActiveRecord: 0.0ms)


Started GET "/" for 127.0.0.1 at 2017-07-26 21:26:46 +0200
Processing by PagesController#show as HTML
  Parameters: {"page"=>"home"}
  Rendering pages/home.html.erb within layouts/application
  Rendered pages/home.html.erb within layouts/application (3.5ms)
Completed 200 OK in 79ms (Views: 78.6ms | ActiveRecord: 0.0ms)


Started GET "/" for 127.0.0.1 at 2017-07-26 21:26:58 +0200
Processing by PagesController#show as HTML
  Parameters: {"page"=>"home"}
  Rendering pages/home.html.erb within layouts/application
  Rendered pages/home.html.erb within layouts/application (1.5ms)
Completed 200 OK in 47ms (Views: 46.1ms | ActiveRecord: 0.0ms)


Started GET "/" for 127.0.0.1 at 2017-07-26 21:27:04 +0200
Processing by PagesController#show as HTML
  Parameters: {"page"=>"home"}
  Rendering pages/home.html.erb within layouts/application
  Rendered pages/home.html.erb within layouts/application (1.4ms)
Completed 200 OK in 70ms (Views: 68.8ms | ActiveRecord: 0.0ms)


Started GET "/" for 127.0.0.1 at 2017-07-26 21:28:21 +0200
Processing by PagesController#show as HTML
  Parameters: {"page"=>"home"}
  Rendering pages/home.html.erb within layouts/application
  Rendered pages/home.html.erb within layouts/application (1.2ms)
Completed 200 OK in 37ms (Views: 36.2ms | ActiveRecord: 0.0ms)


Started GET "/" for 127.0.0.1 at 2017-07-26 21:29:03 +0200
Processing by PagesController#show as HTML
  Parameters: {"page"=>"home"}
  Rendering pages/home.html.erb within layouts/application
  Rendered pages/home.html.erb within layouts/application (1.9ms)
Completed 200 OK in 56ms (Views: 55.1ms | ActiveRecord: 0.0ms)


Started GET "/" for 127.0.0.1 at 2017-07-26 21:29:13 +0200
Processing by PagesController#show as HTML
  Parameters: {"page"=>"home"}
  Rendering pages/home.html.erb within layouts/application
  Rendered pages/home.html.erb within layouts/application (3.0ms)
Completed 200 OK in 52ms (Views: 51.6ms | ActiveRecord: 0.0ms)


Started GET "/" for 127.0.0.1 at 2017-07-26 21:29:20 +0200
Processing by PagesController#show as HTML
  Parameters: {"page"=>"home"}
  Rendering pages/home.html.erb within layouts/application
  Rendered pages/home.html.erb within layouts/application (2.2ms)
Completed 200 OK in 63ms (Views: 62.3ms | ActiveRecord: 0.0ms)


Started GET "/" for 127.0.0.1 at 2017-07-26 21:29:26 +0200
Processing by PagesController#show as HTML
  Parameters: {"page"=>"home"}
  Rendering pages/home.html.erb within layouts/application
  Rendered pages/home.html.erb within layouts/application (1.7ms)
Completed 200 OK in 48ms (Views: 46.8ms | ActiveRecord: 0.0ms)


Started GET "/" for 127.0.0.1 at 2017-07-26 21:29:31 +0200
Processing by PagesController#show as HTML
  Parameters: {"page"=>"home"}
  Rendering pages/home.html.erb within layouts/application
  Rendered pages/home.html.erb within layouts/application (1.7ms)
Completed 200 OK in 58ms (Views: 57.1ms | ActiveRecord: 0.0ms)


Started GET "/" for 127.0.0.1 at 2017-07-26 21:29:38 +0200
Processing by PagesController#show as HTML
  Parameters: {"page"=>"home"}
  Rendering pages/home.html.erb within layouts/application
  Rendered pages/home.html.erb within layouts/application (1.7ms)
Completed 200 OK in 43ms (Views: 42.8ms | ActiveRecord: 0.0ms)


Started GET "/" for 127.0.0.1 at 2017-07-26 21:30:23 +0200
Processing by PagesController#show as HTML
  Parameters: {"page"=>"home"}
  Rendering pages/home.html.erb within layouts/application
  Rendered pages/home.html.erb within layouts/application (1.6ms)
Completed 200 OK in 47ms (Views: 46.7ms | ActiveRecord: 0.0ms)


Started GET "/" for 127.0.0.1 at 2017-07-26 21:30:59 +0200
Processing by PagesController#show as HTML
  Parameters: {"page"=>"home"}
  Rendering pages/home.html.erb within layouts/application
  Rendered pages/home.html.erb within layouts/application (2.5ms)
Completed 200 OK in 67ms (Views: 66.6ms | ActiveRecord: 0.0ms)


Started GET "/" for 127.0.0.1 at 2017-07-26 21:31:21 +0200
Processing by PagesController#show as HTML
  Parameters: {"page"=>"home"}
  Rendering pages/home.html.erb within layouts/application
  Rendered pages/home.html.erb within layouts/application (1.1ms)
Completed 200 OK in 58ms (Views: 57.1ms | ActiveRecord: 0.0ms)


Started GET "/" for 127.0.0.1 at 2017-07-26 21:31:45 +0200
Processing by PagesController#show as HTML
  Parameters: {"page"=>"home"}
  Rendering pages/home.html.erb within layouts/application
  Rendered pages/home.html.erb within layouts/application (1.9ms)
Completed 200 OK in 58ms (Views: 57.6ms | ActiveRecord: 0.0ms)


Started GET "/" for 127.0.0.1 at 2017-07-26 21:35:09 +0200
Processing by PagesController#show as HTML
  Parameters: {"page"=>"home"}
  Rendering pages/home.html.erb within layouts/application
  Rendered pages/home.html.erb within layouts/application (1.4ms)
Completed 200 OK in 70ms (Views: 69.3ms | ActiveRecord: 0.0ms)


Started GET "/" for 127.0.0.1 at 2017-07-26 21:35:23 +0200
Processing by PagesController#show as HTML
  Parameters: {"page"=>"home"}
  Rendering pages/home.html.erb within layouts/application
  Rendered pages/home.html.erb within layouts/application (1.8ms)
Completed 200 OK in 44ms (Views: 43.5ms | ActiveRecord: 0.0ms)


Started GET "/" for 127.0.0.1 at 2017-07-26 21:35:44 +0200
Processing by PagesController#show as HTML
  Parameters: {"page"=>"home"}
  Rendering pages/home.html.erb within layouts/application
  Rendered pages/home.html.erb within layouts/application (1.1ms)
Completed 200 OK in 60ms (Views: 57.9ms | ActiveRecord: 0.0ms)


Started GET "/" for 127.0.0.1 at 2017-07-26 21:35:50 +0200
Processing by PagesController#show as HTML
  Parameters: {"page"=>"home"}
  Rendering pages/home.html.erb within layouts/application
  Rendered pages/home.html.erb within layouts/application (1.9ms)
Completed 200 OK in 38ms (Views: 37.6ms | ActiveRecord: 0.0ms)


Started GET "/" for 127.0.0.1 at 2017-07-26 21:36:10 +0200
Processing by PagesController#show as HTML
  Parameters: {"page"=>"home"}
  Rendering pages/home.html.erb within layouts/application
  Rendered pages/home.html.erb within layouts/application (2.5ms)
Completed 200 OK in 65ms (Views: 64.8ms | ActiveRecord: 0.0ms)


Started GET "/" for 127.0.0.1 at 2017-07-26 21:37:06 +0200
Processing by PagesController#show as HTML
  Parameters: {"page"=>"home"}
  Rendering pages/home.html.erb within layouts/application
  Rendered pages/home.html.erb within layouts/application (1.3ms)
Completed 200 OK in 39ms (Views: 38.4ms | ActiveRecord: 0.0ms)


Started GET "/" for 127.0.0.1 at 2017-07-26 21:37:18 +0200
Processing by PagesController#show as HTML
  Parameters: {"page"=>"home"}
  Rendering pages/home.html.erb within layouts/application
  Rendered pages/home.html.erb within layouts/application (1.4ms)
Completed 200 OK in 51ms (Views: 50.1ms | ActiveRecord: 0.0ms)


Started GET "/" for 127.0.0.1 at 2017-07-26 21:37:31 +0200
Processing by PagesController#show as HTML
  Parameters: {"page"=>"home"}
  Rendering pages/home.html.erb within layouts/application
  Rendered pages/home.html.erb within layouts/application (2.2ms)
Completed 200 OK in 56ms (Views: 54.9ms | ActiveRecord: 0.0ms)


Started GET "/" for 127.0.0.1 at 2017-07-26 21:38:07 +0200
Processing by PagesController#show as HTML
  Parameters: {"page"=>"home"}
  Rendering pages/home.html.erb within layouts/application
  Rendered pages/home.html.erb within layouts/application (1.8ms)
Completed 200 OK in 52ms (Views: 51.5ms | ActiveRecord: 0.0ms)


Started GET "/" for 127.0.0.1 at 2017-07-26 21:38:17 +0200
Processing by PagesController#show as HTML
  Parameters: {"page"=>"home"}
  Rendering pages/home.html.erb within layouts/application
  Rendered pages/home.html.erb within layouts/application (1.4ms)
Completed 200 OK in 70ms (Views: 68.5ms | ActiveRecord: 0.0ms)


Started GET "/" for 127.0.0.1 at 2017-07-26 21:38:23 +0200
Processing by PagesController#show as HTML
  Parameters: {"page"=>"home"}
  Rendering pages/home.html.erb within layouts/application
  Rendered pages/home.html.erb within layouts/application (1.7ms)
Completed 200 OK in 37ms (Views: 36.2ms | ActiveRecord: 0.0ms)


Started GET "/" for 127.0.0.1 at 2017-07-26 21:40:57 +0200
Processing by PagesController#show as HTML
  Parameters: {"page"=>"home"}
  Rendering pages/home.html.erb within layouts/application
  Rendered pages/home.html.erb within layouts/application (1.9ms)
Completed 200 OK in 57ms (Views: 55.7ms | ActiveRecord: 0.0ms)


Started GET "/" for 127.0.0.1 at 2017-07-26 21:41:00 +0200
Processing by PagesController#show as HTML
  Parameters: {"page"=>"home"}
  Rendering pages/home.html.erb within layouts/application
  Rendered pages/home.html.erb within layouts/application (1.5ms)
Completed 200 OK in 53ms (Views: 52.7ms | ActiveRecord: 0.0ms)


Started GET "/" for 127.0.0.1 at 2017-07-26 21:43:21 +0200
Processing by PagesController#show as HTML
  Parameters: {"page"=>"home"}
  Rendering pages/home.html.erb within layouts/application
  Rendered pages/home.html.erb within layouts/application (0.8ms)
Completed 200 OK in 83ms (Views: 82.3ms | ActiveRecord: 0.0ms)


Started GET "/" for 127.0.0.1 at 2017-07-26 21:43:34 +0200
Processing by PagesController#show as HTML
  Parameters: {"page"=>"home"}
  Rendering pages/home.html.erb within layouts/application
  Rendered pages/home.html.erb within layouts/application (1.2ms)
Completed 200 OK in 87ms (Views: 85.7ms | ActiveRecord: 0.0ms)


Started GET "/" for 127.0.0.1 at 2017-07-26 21:43:43 +0200
Processing by PagesController#show as HTML
  Parameters: {"page"=>"home"}
  Rendering pages/home.html.erb within layouts/application
  Rendered pages/home.html.erb within layouts/application (2.1ms)
Completed 200 OK in 98ms (Views: 97.0ms | ActiveRecord: 0.0ms)


Started GET "/" for 127.0.0.1 at 2017-07-26 21:44:10 +0200
Processing by PagesController#show as HTML
  Parameters: {"page"=>"home"}
  Rendering pages/home.html.erb within layouts/application
  Rendered pages/home.html.erb within layouts/application (1.6ms)
Completed 200 OK in 65ms (Views: 64.2ms | ActiveRecord: 0.0ms)


Started GET "/" for 127.0.0.1 at 2017-07-26 21:44:32 +0200
Processing by PagesController#show as HTML
  Parameters: {"page"=>"home"}
  Rendering pages/home.html.erb within layouts/application
  Rendered pages/home.html.erb within layouts/application (1.1ms)
Completed 200 OK in 54ms (Views: 52.8ms | ActiveRecord: 0.0ms)


Started GET "/" for 127.0.0.1 at 2017-07-26 21:44:40 +0200
Processing by PagesController#show as HTML
  Parameters: {"page"=>"home"}
  Rendering pages/home.html.erb within layouts/application
  Rendered pages/home.html.erb within layouts/application (1.9ms)
Completed 200 OK in 72ms (Views: 69.9ms | ActiveRecord: 0.0ms)


Started GET "/" for 127.0.0.1 at 2017-07-26 21:44:50 +0200
Processing by PagesController#show as HTML
  Parameters: {"page"=>"home"}
  Rendering pages/home.html.erb within layouts/application
  Rendered pages/home.html.erb within layouts/application (1.4ms)
Completed 200 OK in 58ms (Views: 57.0ms | ActiveRecord: 0.0ms)


Started GET "/" for 127.0.0.1 at 2017-07-26 21:45:01 +0200
Processing by PagesController#show as HTML
  Parameters: {"page"=>"home"}
  Rendering pages/home.html.erb within layouts/application
  Rendered pages/home.html.erb within layouts/application (1.6ms)
Completed 200 OK in 55ms (Views: 53.9ms | ActiveRecord: 0.0ms)


Started GET "/" for 127.0.0.1 at 2017-07-26 21:45:47 +0200
Processing by PagesController#show as HTML
  Parameters: {"page"=>"home"}
  Rendering pages/home.html.erb within layouts/application
  Rendered pages/home.html.erb within layouts/application (3.5ms)
Completed 200 OK in 84ms (Views: 83.1ms | ActiveRecord: 0.0ms)


Started GET "/" for 127.0.0.1 at 2017-07-26 21:46:14 +0200
Processing by PagesController#show as HTML
  Parameters: {"page"=>"home"}
  Rendering pages/home.html.erb within layouts/application
  Rendered pages/home.html.erb within layouts/application (2.3ms)
Completed 200 OK in 66ms (Views: 64.8ms | ActiveRecord: 0.0ms)


Started GET "/" for 127.0.0.1 at 2017-07-26 21:46:49 +0200
Processing by PagesController#show as HTML
  Parameters: {"page"=>"home"}
  Rendering pages/home.html.erb within layouts/application
  Rendered pages/home.html.erb within layouts/application (1.7ms)
Completed 200 OK in 91ms (Views: 89.7ms | ActiveRecord: 0.0ms)


Started GET "/" for 127.0.0.1 at 2017-07-26 21:47:23 +0200
Processing by PagesController#show as HTML
  Parameters: {"page"=>"home"}
  Rendering pages/home.html.erb within layouts/application
  Rendered pages/home.html.erb within layouts/application (1.4ms)
Completed 200 OK in 68ms (Views: 66.8ms | ActiveRecord: 0.0ms)


Started GET "/" for 127.0.0.1 at 2017-07-26 21:47:48 +0200
Processing by PagesController#show as HTML
  Parameters: {"page"=>"home"}
  Rendering pages/home.html.erb within layouts/application
  Rendered pages/home.html.erb within layouts/application (1.5ms)
Completed 200 OK in 66ms (Views: 64.3ms | ActiveRecord: 0.0ms)


Started GET "/" for 127.0.0.1 at 2017-07-26 21:48:19 +0200
Processing by PagesController#show as HTML
  Parameters: {"page"=>"home"}
  Rendering pages/home.html.erb within layouts/application
  Rendered pages/home.html.erb within layouts/application (2.0ms)
Completed 200 OK in 50ms (Views: 49.9ms | ActiveRecord: 0.0ms)


Started GET "/" for 127.0.0.1 at 2017-07-26 21:48:32 +0200
Processing by PagesController#show as HTML
  Parameters: {"page"=>"home"}
  Rendering pages/home.html.erb within layouts/application
  Rendered pages/home.html.erb within layouts/application (1.3ms)
Completed 200 OK in 63ms (Views: 62.7ms | ActiveRecord: 0.0ms)


Started GET "/" for 127.0.0.1 at 2017-07-26 21:48:47 +0200
Processing by PagesController#show as HTML
  Parameters: {"page"=>"home"}
  Rendering pages/home.html.erb within layouts/application
  Rendered pages/home.html.erb within layouts/application (1.5ms)
Completed 200 OK in 48ms (Views: 46.9ms | ActiveRecord: 0.0ms)


Started GET "/" for 127.0.0.1 at 2017-07-26 21:48:57 +0200
Processing by PagesController#show as HTML
  Parameters: {"page"=>"home"}
  Rendering pages/home.html.erb within layouts/application
  Rendered pages/home.html.erb within layouts/application (1.5ms)
Completed 200 OK in 40ms (Views: 38.7ms | ActiveRecord: 0.0ms)


Started GET "/" for 127.0.0.1 at 2017-07-26 21:49:34 +0200
Processing by PagesController#show as HTML
  Parameters: {"page"=>"home"}
  Rendering pages/home.html.erb within layouts/application
  Rendered pages/home.html.erb within layouts/application (1.0ms)
Completed 200 OK in 44ms (Views: 43.9ms | ActiveRecord: 0.0ms)


Started GET "/" for 127.0.0.1 at 2017-07-26 21:50:03 +0200
Processing by PagesController#show as HTML
  Parameters: {"page"=>"home"}
  Rendering pages/home.html.erb within layouts/application
  Rendered pages/home.html.erb within layouts/application (1.5ms)
Completed 200 OK in 68ms (Views: 67.9ms | ActiveRecord: 0.0ms)


Started GET "/" for 127.0.0.1 at 2017-07-26 21:51:12 +0200
Processing by PagesController#show as HTML
  Parameters: {"page"=>"home"}
  Rendering pages/home.html.erb within layouts/application
  Rendered pages/home.html.erb within layouts/application (0.9ms)
Completed 200 OK in 41ms (Views: 39.8ms | ActiveRecord: 0.0ms)


Started GET "/" for 127.0.0.1 at 2017-07-26 21:51:30 +0200
Processing by PagesController#show as HTML
  Parameters: {"page"=>"home"}
  Rendering pages/home.html.erb within layouts/application
  Rendered pages/home.html.erb within layouts/application (1.6ms)
Completed 200 OK in 79ms (Views: 78.2ms | ActiveRecord: 0.0ms)


Started GET "/" for 127.0.0.1 at 2017-07-26 21:51:57 +0200
Processing by PagesController#show as HTML
  Parameters: {"page"=>"home"}
  Rendering pages/home.html.erb within layouts/application
  Rendered pages/home.html.erb within layouts/application (1.6ms)
Completed 200 OK in 64ms (Views: 63.5ms | ActiveRecord: 0.0ms)


Started GET "/" for 127.0.0.1 at 2017-07-26 21:52:05 +0200
Processing by PagesController#show as HTML
  Parameters: {"page"=>"home"}
  Rendering pages/home.html.erb within layouts/application
  Rendered pages/home.html.erb within layouts/application (1.5ms)
Completed 200 OK in 61ms (Views: 60.3ms | ActiveRecord: 0.0ms)


Started GET "/" for 127.0.0.1 at 2017-07-26 21:52:11 +0200
Processing by PagesController#show as HTML
  Parameters: {"page"=>"home"}
  Rendering pages/home.html.erb within layouts/application
  Rendered pages/home.html.erb within layouts/application (1.7ms)
Completed 200 OK in 58ms (Views: 57.2ms | ActiveRecord: 0.0ms)


Started GET "/" for 127.0.0.1 at 2017-07-26 21:52:23 +0200
Processing by PagesController#show as HTML
  Parameters: {"page"=>"home"}
  Rendering pages/home.html.erb within layouts/application
  Rendered pages/home.html.erb within layouts/application (2.2ms)
Completed 200 OK in 72ms (Views: 71.4ms | ActiveRecord: 0.0ms)


Started GET "/" for 127.0.0.1 at 2017-07-26 21:52:25 +0200
Processing by PagesController#show as HTML
  Parameters: {"page"=>"home"}
  Rendering pages/home.html.erb within layouts/application
  Rendered pages/home.html.erb within layouts/application (1.1ms)
Completed 200 OK in 44ms (Views: 42.8ms | ActiveRecord: 0.0ms)


Started GET "/" for 127.0.0.1 at 2017-07-26 21:52:38 +0200
Processing by PagesController#show as HTML
  Parameters: {"page"=>"home"}
  Rendering pages/home.html.erb within layouts/application
  Rendered pages/home.html.erb within layouts/application (3.0ms)
Completed 200 OK in 61ms (Views: 60.3ms | ActiveRecord: 0.0ms)


Started GET "/" for 127.0.0.1 at 2017-07-26 21:52:57 +0200
Processing by PagesController#show as HTML
  Parameters: {"page"=>"home"}
  Rendering pages/home.html.erb within layouts/application
  Rendered pages/home.html.erb within layouts/application (1.8ms)
Completed 200 OK in 63ms (Views: 62.5ms | ActiveRecord: 0.0ms)


Started GET "/" for 127.0.0.1 at 2017-07-26 21:53:02 +0200
Processing by PagesController#show as HTML
  Parameters: {"page"=>"home"}
  Rendering pages/home.html.erb within layouts/application
  Rendered pages/home.html.erb within layouts/application (1.1ms)
Completed 200 OK in 56ms (Views: 55.1ms | ActiveRecord: 0.0ms)


Started GET "/" for 127.0.0.1 at 2017-07-26 21:53:13 +0200
Processing by PagesController#show as HTML
  Parameters: {"page"=>"home"}
  Rendering pages/home.html.erb within layouts/application
  Rendered pages/home.html.erb within layouts/application (1.4ms)
Completed 200 OK in 45ms (Views: 44.7ms | ActiveRecord: 0.0ms)


Started GET "/" for 127.0.0.1 at 2017-07-26 21:53:18 +0200
Processing by PagesController#show as HTML
  Parameters: {"page"=>"home"}
  Rendering pages/home.html.erb within layouts/application
  Rendered pages/home.html.erb within layouts/application (2.1ms)
Completed 200 OK in 52ms (Views: 51.1ms | ActiveRecord: 0.0ms)


Started GET "/" for 127.0.0.1 at 2017-07-26 21:53:25 +0200
Processing by PagesController#show as HTML
  Parameters: {"page"=>"home"}
  Rendering pages/home.html.erb within layouts/application
  Rendered pages/home.html.erb within layouts/application (1.6ms)
Completed 200 OK in 67ms (Views: 65.4ms | ActiveRecord: 0.0ms)


Started GET "/" for 127.0.0.1 at 2017-07-26 21:53:29 +0200
Processing by PagesController#show as HTML
  Parameters: {"page"=>"home"}
  Rendering pages/home.html.erb within layouts/application
  Rendered pages/home.html.erb within layouts/application (1.4ms)
Completed 200 OK in 37ms (Views: 35.8ms | ActiveRecord: 0.0ms)


Started GET "/" for 127.0.0.1 at 2017-07-26 21:53:42 +0200
Processing by PagesController#show as HTML
  Parameters: {"page"=>"home"}
  Rendering pages/home.html.erb within layouts/application
  Rendered pages/home.html.erb within layouts/application (2.0ms)
Completed 200 OK in 66ms (Views: 65.5ms | ActiveRecord: 0.0ms)


Started GET "/" for 127.0.0.1 at 2017-07-26 21:53:59 +0200
Processing by PagesController#show as HTML
  Parameters: {"page"=>"home"}
  Rendering pages/home.html.erb within layouts/application
  Rendered pages/home.html.erb within layouts/application (1.4ms)
Completed 200 OK in 45ms (Views: 44.2ms | ActiveRecord: 0.0ms)


Started GET "/" for 127.0.0.1 at 2017-07-26 21:54:04 +0200
Processing by PagesController#show as HTML
  Parameters: {"page"=>"home"}
  Rendering pages/home.html.erb within layouts/application
  Rendered pages/home.html.erb within layouts/application (1.5ms)
Completed 200 OK in 43ms (Views: 42.6ms | ActiveRecord: 0.0ms)


Started GET "/" for 127.0.0.1 at 2017-07-26 21:54:08 +0200
Processing by PagesController#show as HTML
  Parameters: {"page"=>"home"}
  Rendering pages/home.html.erb within layouts/application
  Rendered pages/home.html.erb within layouts/application (1.5ms)
Completed 200 OK in 52ms (Views: 50.9ms | ActiveRecord: 0.0ms)


Started GET "/" for 127.0.0.1 at 2017-07-26 21:54:30 +0200
Processing by PagesController#show as HTML
  Parameters: {"page"=>"home"}
  Rendering pages/home.html.erb within layouts/application
  Rendered pages/home.html.erb within layouts/application (2.5ms)
Completed 200 OK in 113ms (Views: 110.5ms | ActiveRecord: 0.0ms)


Started GET "/" for 127.0.0.1 at 2017-07-26 21:54:43 +0200
Processing by PagesController#show as HTML
  Parameters: {"page"=>"home"}
  Rendering pages/home.html.erb within layouts/application
  Rendered pages/home.html.erb within layouts/application (1.8ms)
Completed 200 OK in 49ms (Views: 47.8ms | ActiveRecord: 0.0ms)


Started GET "/" for 127.0.0.1 at 2017-07-26 21:54:46 +0200
Processing by PagesController#show as HTML
  Parameters: {"page"=>"home"}
  Rendering pages/home.html.erb within layouts/application
  Rendered pages/home.html.erb within layouts/application (1.2ms)
Completed 200 OK in 64ms (Views: 62.8ms | ActiveRecord: 0.0ms)


Started GET "/" for 127.0.0.1 at 2017-07-26 21:54:59 +0200
Processing by PagesController#show as HTML
  Parameters: {"page"=>"home"}
  Rendering pages/home.html.erb within layouts/application
  Rendered pages/home.html.erb within layouts/application (1.8ms)
Completed 200 OK in 50ms (Views: 49.5ms | ActiveRecord: 0.0ms)


Started GET "/" for 127.0.0.1 at 2017-07-26 21:55:07 +0200
Processing by PagesController#show as HTML
  Parameters: {"page"=>"home"}
  Rendering pages/home.html.erb within layouts/application
  Rendered pages/home.html.erb within layouts/application (2.0ms)
Completed 200 OK in 49ms (Views: 48.0ms | ActiveRecord: 0.0ms)


Started GET "/" for 127.0.0.1 at 2017-07-26 21:55:29 +0200
Processing by PagesController#show as HTML
  Parameters: {"page"=>"home"}
  Rendering pages/home.html.erb within layouts/application
  Rendered pages/home.html.erb within layouts/application (2.6ms)
Completed 200 OK in 53ms (Views: 52.0ms | ActiveRecord: 0.0ms)


Started GET "/" for 127.0.0.1 at 2017-07-26 21:55:48 +0200
Processing by PagesController#show as HTML
  Parameters: {"page"=>"home"}
  Rendering pages/home.html.erb within layouts/application
  Rendered pages/home.html.erb within layouts/application (1.7ms)
Completed 200 OK in 83ms (Views: 81.7ms | ActiveRecord: 0.0ms)


Started GET "/" for 127.0.0.1 at 2017-07-26 21:56:01 +0200
Processing by PagesController#show as HTML
  Parameters: {"page"=>"home"}
  Rendering pages/home.html.erb within layouts/application
  Rendered pages/home.html.erb within layouts/application (1.4ms)
Completed 200 OK in 53ms (Views: 52.2ms | ActiveRecord: 0.0ms)


Started GET "/" for 127.0.0.1 at 2017-07-26 21:56:05 +0200
Processing by PagesController#show as HTML
  Parameters: {"page"=>"home"}
  Rendering pages/home.html.erb within layouts/application
  Rendered pages/home.html.erb within layouts/application (1.9ms)
Completed 200 OK in 68ms (Views: 66.9ms | ActiveRecord: 0.0ms)


Started GET "/" for 127.0.0.1 at 2017-07-26 21:56:14 +0200
Processing by PagesController#show as HTML
  Parameters: {"page"=>"home"}
  Rendering pages/home.html.erb within layouts/application
  Rendered pages/home.html.erb within layouts/application (1.1ms)
Completed 200 OK in 63ms (Views: 62.1ms | ActiveRecord: 0.0ms)


Started GET "/" for 127.0.0.1 at 2017-07-26 21:56:23 +0200
Processing by PagesController#show as HTML
  Parameters: {"page"=>"home"}
  Rendering pages/home.html.erb within layouts/application
  Rendered pages/home.html.erb within layouts/application (1.5ms)
Completed 200 OK in 61ms (Views: 60.8ms | ActiveRecord: 0.0ms)


Started GET "/" for 127.0.0.1 at 2017-07-26 21:56:40 +0200
Processing by PagesController#show as HTML
  Parameters: {"page"=>"home"}
  Rendering pages/home.html.erb within layouts/application
  Rendered pages/home.html.erb within layouts/application (2.1ms)
Completed 200 OK in 80ms (Views: 79.7ms | ActiveRecord: 0.0ms)


Started GET "/" for 127.0.0.1 at 2017-07-26 21:56:49 +0200
Processing by PagesController#show as HTML
  Parameters: {"page"=>"home"}
  Rendering pages/home.html.erb within layouts/application
  Rendered pages/home.html.erb within layouts/application (1.1ms)
Completed 200 OK in 50ms (Views: 48.8ms | ActiveRecord: 0.0ms)


Started GET "/" for 127.0.0.1 at 2017-07-26 21:58:03 +0200
Processing by PagesController#show as HTML
  Parameters: {"page"=>"home"}
  Rendering pages/home.html.erb within layouts/application
  Rendered pages/home.html.erb within layouts/application (1.0ms)
Completed 200 OK in 44ms (Views: 43.2ms | ActiveRecord: 0.0ms)


Started GET "/" for 127.0.0.1 at 2017-07-26 21:58:25 +0200
Processing by PagesController#show as HTML
  Parameters: {"page"=>"home"}
  Rendering pages/home.html.erb within layouts/application
  Rendered pages/home.html.erb within layouts/application (1.8ms)
Completed 200 OK in 98ms (Views: 97.4ms | ActiveRecord: 0.0ms)


Started GET "/" for 127.0.0.1 at 2017-07-26 21:58:31 +0200
Processing by PagesController#show as HTML
  Parameters: {"page"=>"home"}
  Rendering pages/home.html.erb within layouts/application
  Rendered pages/home.html.erb within layouts/application (2.0ms)
Completed 200 OK in 65ms (Views: 64.3ms | ActiveRecord: 0.0ms)


Started GET "/" for 127.0.0.1 at 2017-07-26 21:58:36 +0200
Processing by PagesController#show as HTML
  Parameters: {"page"=>"home"}
  Rendering pages/home.html.erb within layouts/application
  Rendered pages/home.html.erb within layouts/application (1.3ms)
Completed 200 OK in 34ms (Views: 33.6ms | ActiveRecord: 0.0ms)


Started GET "/" for 127.0.0.1 at 2017-07-26 21:58:52 +0200
Processing by PagesController#show as HTML
  Parameters: {"page"=>"home"}
  Rendering pages/home.html.erb within layouts/application
  Rendered pages/home.html.erb within layouts/application (11.8ms)
Completed 200 OK in 55ms (Views: 53.8ms | ActiveRecord: 0.0ms)


Started GET "/" for 127.0.0.1 at 2017-07-26 21:59:06 +0200
Processing by PagesController#show as HTML
  Parameters: {"page"=>"home"}
  Rendering pages/home.html.erb within layouts/application
  Rendered pages/home.html.erb within layouts/application (1.5ms)
Completed 200 OK in 97ms (Views: 96.6ms | ActiveRecord: 0.0ms)


Started GET "/" for 127.0.0.1 at 2017-07-26 21:59:11 +0200
Processing by PagesController#show as HTML
  Parameters: {"page"=>"home"}
  Rendering pages/home.html.erb within layouts/application
  Rendered pages/home.html.erb within layouts/application (1.3ms)
Completed 200 OK in 79ms (Views: 78.6ms | ActiveRecord: 0.0ms)


Started GET "/" for 127.0.0.1 at 2017-07-26 21:59:17 +0200
Processing by PagesController#show as HTML
  Parameters: {"page"=>"home"}
  Rendering pages/home.html.erb within layouts/application
  Rendered pages/home.html.erb within layouts/application (1.3ms)
Completed 200 OK in 53ms (Views: 51.8ms | ActiveRecord: 0.0ms)


Started GET "/" for 127.0.0.1 at 2017-07-26 21:59:44 +0200
Processing by PagesController#show as HTML
  Parameters: {"page"=>"home"}
  Rendering pages/home.html.erb within layouts/application
  Rendered pages/home.html.erb within layouts/application (1.7ms)
Completed 200 OK in 65ms (Views: 64.2ms | ActiveRecord: 0.0ms)


Started GET "/" for 127.0.0.1 at 2017-07-26 21:59:52 +0200
Processing by PagesController#show as HTML
  Parameters: {"page"=>"home"}
  Rendering pages/home.html.erb within layouts/application
  Rendered pages/home.html.erb within layouts/application (2.6ms)
Completed 200 OK in 68ms (Views: 67.1ms | ActiveRecord: 0.0ms)


Started GET "/" for 127.0.0.1 at 2017-07-26 21:59:55 +0200
Processing by PagesController#show as HTML
  Parameters: {"page"=>"home"}
  Rendering pages/home.html.erb within layouts/application
  Rendered pages/home.html.erb within layouts/application (2.1ms)
Completed 200 OK in 67ms (Views: 66.3ms | ActiveRecord: 0.0ms)


Started GET "/" for 127.0.0.1 at 2017-07-26 22:01:39 +0200
Processing by PagesController#show as HTML
  Parameters: {"page"=>"home"}
  Rendering pages/home.html.erb within layouts/application
  Rendered pages/home.html.erb within layouts/application (2.2ms)
Completed 200 OK in 97ms (Views: 96.4ms | ActiveRecord: 0.0ms)


Started GET "/" for 127.0.0.1 at 2017-07-26 22:01:53 +0200
Processing by PagesController#show as HTML
  Parameters: {"page"=>"home"}
  Rendering pages/home.html.erb within layouts/application
  Rendered pages/home.html.erb within layouts/application (1.1ms)
Completed 200 OK in 56ms (Views: 55.0ms | ActiveRecord: 0.0ms)


Started GET "/" for 127.0.0.1 at 2017-07-26 22:02:01 +0200
Processing by PagesController#show as HTML
  Parameters: {"page"=>"home"}
  Rendering pages/home.html.erb within layouts/application
  Rendered pages/home.html.erb within layouts/application (1.1ms)
Completed 200 OK in 75ms (Views: 73.4ms | ActiveRecord: 0.0ms)


Started GET "/" for 127.0.0.1 at 2017-07-26 22:02:14 +0200
Processing by PagesController#show as HTML
  Parameters: {"page"=>"home"}
  Rendering pages/home.html.erb within layouts/application
  Rendered pages/home.html.erb within layouts/application (1.6ms)
Completed 200 OK in 91ms (Views: 89.5ms | ActiveRecord: 0.0ms)


Started GET "/" for 127.0.0.1 at 2017-07-26 22:02:32 +0200
Processing by PagesController#show as HTML
  Parameters: {"page"=>"home"}
  Rendering pages/home.html.erb within layouts/application
  Rendered pages/home.html.erb within layouts/application (2.5ms)
Completed 200 OK in 64ms (Views: 63.2ms | ActiveRecord: 0.0ms)


Started GET "/" for 127.0.0.1 at 2017-07-26 22:02:46 +0200
Processing by PagesController#show as HTML
  Parameters: {"page"=>"home"}
  Rendering pages/home.html.erb within layouts/application
  Rendered pages/home.html.erb within layouts/application (1.5ms)
Completed 200 OK in 66ms (Views: 65.2ms | ActiveRecord: 0.0ms)


Started GET "/" for 127.0.0.1 at 2017-07-26 22:02:53 +0200
Processing by PagesController#show as HTML
  Parameters: {"page"=>"home"}
  Rendering pages/home.html.erb within layouts/application
  Rendered pages/home.html.erb within layouts/application (1.7ms)
Completed 200 OK in 60ms (Views: 58.8ms | ActiveRecord: 0.0ms)


Started GET "/" for 127.0.0.1 at 2017-07-26 22:03:03 +0200
Processing by PagesController#show as HTML
  Parameters: {"page"=>"home"}
  Rendering pages/home.html.erb within layouts/application
  Rendered pages/home.html.erb within layouts/application (2.4ms)
Completed 200 OK in 74ms (Views: 73.0ms | ActiveRecord: 0.0ms)


Started GET "/?tumblrSearch=kitten" for 127.0.0.1 at 2017-07-26 22:03:30 +0200
Processing by PagesController#show as HTML
  Parameters: {"tumblrSearch"=>"kitten", "page"=>"home"}
  Rendering pages/home.html.erb within layouts/application
  Rendered pages/home.html.erb within layouts/application (842.5ms)
Completed 200 OK in 881ms (Views: 880.0ms | ActiveRecord: 0.0ms)


Started GET "/?tumblrSearch=kitten" for 127.0.0.1 at 2017-07-26 22:03:55 +0200
Processing by PagesController#show as HTML
  Parameters: {"tumblrSearch"=>"kitten", "page"=>"home"}
  Rendering pages/home.html.erb within layouts/application
  Rendered pages/home.html.erb within layouts/application (971.0ms)
Completed 200 OK in 1031ms (Views: 1030.3ms | ActiveRecord: 0.0ms)


Started GET "/?tumblrSearch=kitten" for 127.0.0.1 at 2017-07-26 22:04:02 +0200
Processing by PagesController#show as HTML
  Parameters: {"tumblrSearch"=>"kitten", "page"=>"home"}
  Rendering pages/home.html.erb within layouts/application
  Rendered pages/home.html.erb within layouts/application (743.3ms)
Completed 200 OK in 813ms (Views: 812.6ms | ActiveRecord: 0.0ms)


Started GET "/" for 127.0.0.1 at 2017-07-26 22:04:04 +0200
Processing by PagesController#show as HTML
  Parameters: {"page"=>"home"}
  Rendering pages/home.html.erb within layouts/application
  Rendered pages/home.html.erb within layouts/application (2.3ms)
Completed 200 OK in 132ms (Views: 129.2ms | ActiveRecord: 0.0ms)


Started GET "/" for 127.0.0.1 at 2017-07-26 22:04:04 +0200
Processing by PagesController#show as HTML
  Parameters: {"page"=>"home"}
  Rendering pages/home.html.erb within layouts/application
  Rendered pages/home.html.erb within layouts/application (2.0ms)
Completed 200 OK in 96ms (Views: 95.5ms | ActiveRecord: 0.0ms)


Started GET "/" for 127.0.0.1 at 2017-07-26 22:05:02 +0200
Processing by PagesController#show as HTML
  Parameters: {"page"=>"home"}
  Rendering pages/home.html.erb within layouts/application
  Rendered pages/home.html.erb within layouts/application (2.2ms)
Completed 200 OK in 123ms (Views: 122.2ms | ActiveRecord: 0.0ms)


Started GET "/" for 127.0.0.1 at 2017-07-26 22:05:27 +0200
Processing by PagesController#show as HTML
  Parameters: {"page"=>"home"}
  Rendering pages/home.html.erb within layouts/application
  Rendered pages/home.html.erb within layouts/application (1.5ms)
Completed 200 OK in 105ms (Views: 104.3ms | ActiveRecord: 0.0ms)


Started GET "/" for 127.0.0.1 at 2017-07-26 22:05:58 +0200
Processing by PagesController#show as HTML
  Parameters: {"page"=>"home"}
  Rendering pages/home.html.erb within layouts/application
  Rendered pages/home.html.erb within layouts/application (1.8ms)
Completed 200 OK in 90ms (Views: 88.5ms | ActiveRecord: 0.0ms)


Started GET "/" for 127.0.0.1 at 2017-07-26 22:06:27 +0200
Processing by PagesController#show as HTML
  Parameters: {"page"=>"home"}
  Rendering pages/home.html.erb within layouts/application
  Rendered pages/home.html.erb within layouts/application (1.5ms)
Completed 200 OK in 109ms (Views: 107.9ms | ActiveRecord: 0.0ms)


Started GET "/" for 127.0.0.1 at 2017-07-26 22:06:53 +0200
Processing by PagesController#show as HTML
  Parameters: {"page"=>"home"}
  Rendering pages/home.html.erb within layouts/application
  Rendered pages/home.html.erb within layouts/application (1.6ms)
Completed 200 OK in 156ms (Views: 154.6ms | ActiveRecord: 0.0ms)


Started GET "/" for 127.0.0.1 at 2017-07-26 22:07:00 +0200
Processing by PagesController#show as HTML
  Parameters: {"page"=>"home"}
  Rendering pages/home.html.erb within layouts/application
  Rendered pages/home.html.erb within layouts/application (2.1ms)
Completed 200 OK in 96ms (Views: 95.3ms | ActiveRecord: 0.0ms)


Started GET "/" for 127.0.0.1 at 2017-07-26 22:07:33 +0200
Processing by PagesController#show as HTML
  Parameters: {"page"=>"home"}
  Rendering pages/home.html.erb within layouts/application
  Rendered pages/home.html.erb within layouts/application (1.5ms)
Completed 200 OK in 149ms (Views: 148.5ms | ActiveRecord: 0.0ms)


Started GET "/" for 127.0.0.1 at 2017-07-26 22:07:43 +0200
Processing by PagesController#show as HTML
  Parameters: {"page"=>"home"}
  Rendering pages/home.html.erb within layouts/application
  Rendered pages/home.html.erb within layouts/application (2.7ms)
Completed 200 OK in 54ms (Views: 53.9ms | ActiveRecord: 0.0ms)


Started GET "/" for 127.0.0.1 at 2017-07-26 22:08:00 +0200
Processing by PagesController#show as HTML
  Parameters: {"page"=>"home"}
  Rendering pages/home.html.erb within layouts/application
  Rendered pages/home.html.erb within layouts/application (2.3ms)
Completed 200 OK in 109ms (Views: 108.0ms | ActiveRecord: 0.0ms)


Started GET "/" for 127.0.0.1 at 2017-07-26 22:08:11 +0200
Processing by PagesController#show as HTML
  Parameters: {"page"=>"home"}
  Rendering pages/home.html.erb within layouts/application
  Rendered pages/home.html.erb within layouts/application (1.6ms)
Completed 200 OK in 65ms (Views: 63.6ms | ActiveRecord: 0.0ms)


Started GET "/" for 127.0.0.1 at 2017-07-26 22:08:25 +0200
Processing by PagesController#show as HTML
  Parameters: {"page"=>"home"}
  Rendering pages/home.html.erb within layouts/application
  Rendered pages/home.html.erb within layouts/application (2.0ms)
Completed 200 OK in 54ms (Views: 53.4ms | ActiveRecord: 0.0ms)


Started GET "/" for 127.0.0.1 at 2017-07-26 22:08:32 +0200
Processing by PagesController#show as HTML
  Parameters: {"page"=>"home"}
  Rendering pages/home.html.erb within layouts/application
  Rendered pages/home.html.erb within layouts/application (2.6ms)
Completed 200 OK in 103ms (Views: 102.5ms | ActiveRecord: 0.0ms)


Started GET "/" for 127.0.0.1 at 2017-07-26 22:08:58 +0200
Processing by PagesController#show as HTML
  Parameters: {"page"=>"home"}
  Rendering pages/home.html.erb within layouts/application
  Rendered pages/home.html.erb within layouts/application (1.9ms)
Completed 200 OK in 112ms (Views: 111.3ms | ActiveRecord: 0.0ms)


Started GET "/" for 127.0.0.1 at 2017-07-26 22:09:45 +0200
Processing by PagesController#show as HTML
  Parameters: {"page"=>"home"}
  Rendering pages/home.html.erb within layouts/application
  Rendered pages/home.html.erb within layouts/application (1.9ms)
Completed 200 OK in 76ms (Views: 75.4ms | ActiveRecord: 0.0ms)


Started GET "/" for 127.0.0.1 at 2017-07-26 22:09:50 +0200
Processing by PagesController#show as HTML
  Parameters: {"page"=>"home"}
  Rendering pages/home.html.erb within layouts/application
  Rendered pages/home.html.erb within layouts/application (4.6ms)
Completed 200 OK in 111ms (Views: 108.8ms | ActiveRecord: 0.0ms)


Started GET "/?tumblrSearch=%23meme" for 127.0.0.1 at 2017-07-26 22:10:08 +0200
Processing by PagesController#show as HTML
  Parameters: {"tumblrSearch"=>"#meme", "page"=>"home"}
  Rendering pages/home.html.erb within layouts/application
  Rendered pages/home.html.erb within layouts/application (245.7ms)
Completed 500 Internal Server Error in 251ms (ActiveRecord: 0.0ms)


  
ActionView::Template::Error (undefined method `[]' for nil:NilClass):
    101:     posts = client.tagged search_tag, :before => @timestamp ,:limit => 30
    102: 
    103:     # This makes sure that the program knows what the last timestamp is. Otherwise you would get the same 20 pictures
    104:     @timestamp = posts.last["timestamp"]
    105: 
    106:     # takes each item out of the variable posts. each item is assigned the variable post
    107:     posts.each do |post|
  
app/views/pages/home.html.erb:104:in `_app_views_pages_home_html_erb__1645861740787148500_70221999771280'
app/controllers/pages_controller.rb:3:in `show'
  Rendering /Users/karinhendrikse/.rbenv/versions/2.3.1/lib/ruby/gems/2.3.0/gems/actionpack-5.0.4/lib/action_dispatch/middleware/templates/rescues/template_error.html.erb within rescues/layout
  Rendering /Users/karinhendrikse/.rbenv/versions/2.3.1/lib/ruby/gems/2.3.0/gems/actionpack-5.0.4/lib/action_dispatch/middleware/templates/rescues/_source.html.erb
  Rendered /Users/karinhendrikse/.rbenv/versions/2.3.1/lib/ruby/gems/2.3.0/gems/actionpack-5.0.4/lib/action_dispatch/middleware/templates/rescues/_source.html.erb (6.6ms)
  Rendering /Users/karinhendrikse/.rbenv/versions/2.3.1/lib/ruby/gems/2.3.0/gems/actionpack-5.0.4/lib/action_dispatch/middleware/templates/rescues/_trace.html.erb
  Rendered /Users/karinhendrikse/.rbenv/versions/2.3.1/lib/ruby/gems/2.3.0/gems/actionpack-5.0.4/lib/action_dispatch/middleware/templates/rescues/_trace.html.erb (3.6ms)
  Rendering /Users/karinhendrikse/.rbenv/versions/2.3.1/lib/ruby/gems/2.3.0/gems/actionpack-5.0.4/lib/action_dispatch/middleware/templates/rescues/_request_and_response.html.erb
  Rendered /Users/karinhendrikse/.rbenv/versions/2.3.1/lib/ruby/gems/2.3.0/gems/actionpack-5.0.4/lib/action_dispatch/middleware/templates/rescues/_request_and_response.html.erb (2.2ms)
  Rendered /Users/karinhendrikse/.rbenv/versions/2.3.1/lib/ruby/gems/2.3.0/gems/actionpack-5.0.4/lib/action_dispatch/middleware/templates/rescues/template_error.html.erb within rescues/layout (113.5ms)
Started GET "/" for 127.0.0.1 at 2017-07-26 22:10:14 +0200
Processing by PagesController#show as HTML
  Parameters: {"page"=>"home"}
  Rendering pages/home.html.erb within layouts/application
  Rendered pages/home.html.erb within layouts/application (1.8ms)
Completed 200 OK in 70ms (Views: 68.9ms | ActiveRecord: 0.0ms)


Started GET "/?tumblrSearch=meme" for 127.0.0.1 at 2017-07-26 22:10:17 +0200
Processing by PagesController#show as HTML
  Parameters: {"tumblrSearch"=>"meme", "page"=>"home"}
  Rendering pages/home.html.erb within layouts/application
  Rendered pages/home.html.erb within layouts/application (1435.2ms)
Completed 200 OK in 1501ms (Views: 1500.0ms | ActiveRecord: 0.0ms)


Started GET "/?tumblrSearch=harrypotter" for 127.0.0.1 at 2017-07-26 22:10:32 +0200
Processing by PagesController#show as HTML
  Parameters: {"tumblrSearch"=>"harrypotter", "page"=>"home"}
  Rendering pages/home.html.erb within layouts/application
  Rendered pages/home.html.erb within layouts/application (1424.4ms)
Completed 200 OK in 1482ms (Views: 1481.2ms | ActiveRecord: 0.0ms)


Started GET "/?tumblrSearch=harrypotter" for 127.0.0.1 at 2017-07-26 22:14:16 +0200
Processing by PagesController#show as HTML
  Parameters: {"tumblrSearch"=>"harrypotter", "page"=>"home"}
  Rendering pages/home.html.erb within layouts/application
  Rendered pages/home.html.erb within layouts/application (787.9ms)
Completed 200 OK in 1172ms (Views: 1158.4ms | ActiveRecord: 0.0ms)


